<?xml version="1.0" encoding="UTF-8"?>
<robot generator="Robot 7.0.1 (Python 3.12.3 on win32)" generated="2026-02-18T21:27:47.864374" rpa="false" schemaversion="5">
<suite id="s1" name="Tests" source="C:\Users\Mahmoud tharwat\Desktop\task\orangehrm-robot-full-assignment\tests">
<suite id="s1-s1" name="Orangehrm Assignment" source="C:\Users\Mahmoud tharwat\Desktop\task\orangehrm-robot-full-assignment\tests\orangehrm_assignment.robot">
<kw name="Open App" owner="common" type="SETUP">
<kw name="Set Variable" owner="BuiltIn">
<msg time="2026-02-18T21:27:48.688226" level="INFO">${browser} = chrome</msg>
<var>${browser}</var>
<arg>${BROWSER}</arg>
<doc>Returns the given values which can then be assigned to a variables.</doc>
<status status="PASS" start="2026-02-18T21:27:48.688226" elapsed="0.000000"/>
</kw>
<kw name="Set Variable" owner="BuiltIn">
<msg time="2026-02-18T21:27:48.688226" level="INFO">${headless} = False</msg>
<var>${headless}</var>
<arg>${HEADLESS}</arg>
<doc>Returns the given values which can then be assigned to a variables.</doc>
<status status="PASS" start="2026-02-18T21:27:48.688226" elapsed="0.000000"/>
</kw>
<if>
<branch type="IF" condition="'${browser}'=='chrome'">
<kw name="Evaluate" owner="BuiltIn">
<msg time="2026-02-18T21:27:48.689233" level="INFO">${options} = &lt;selenium.webdriver.chrome.options.Options object at 0x0000016E9F2E94C0&gt;</msg>
<var>${options}</var>
<arg>__import__('selenium.webdriver').webdriver.ChromeOptions()</arg>
<doc>Evaluates the given expression in Python and returns the result.</doc>
<status status="PASS" start="2026-02-18T21:27:48.689233" elapsed="0.000000"/>
</kw>
<kw name="Run Keyword If" owner="BuiltIn">
<arg>'${headless}'=='True' or '${headless}'=='true'</arg>
<arg>Call Method</arg>
<arg>${options}</arg>
<arg>add_argument</arg>
<arg>--headless=new</arg>
<doc>Runs the given keyword with the given arguments, if ``condition`` is true.</doc>
<status status="PASS" start="2026-02-18T21:27:48.689233" elapsed="0.000000"/>
</kw>
<kw name="Call Method" owner="BuiltIn">
<arg>${options}</arg>
<arg>add_argument</arg>
<arg>--window-size</arg>
<doc>Calls the named method of the given object with the provided arguments.</doc>
<status status="PASS" start="2026-02-18T21:27:48.689233" elapsed="0.001001"/>
</kw>
<kw name="Call Method" owner="BuiltIn">
<arg>${options}</arg>
<arg>add_argument</arg>
<arg>1920,1080</arg>
<doc>Calls the named method of the given object with the provided arguments.</doc>
<status status="PASS" start="2026-02-18T21:27:48.690234" elapsed="0.000000"/>
</kw>
<kw name="Call Method" owner="BuiltIn">
<arg>${options}</arg>
<arg>add_argument</arg>
<arg>--disable-dev-shm-usage</arg>
<doc>Calls the named method of the given object with the provided arguments.</doc>
<status status="PASS" start="2026-02-18T21:27:48.690234" elapsed="0.000000"/>
</kw>
<kw name="Call Method" owner="BuiltIn">
<arg>${options}</arg>
<arg>add_argument</arg>
<arg>--no-sandbox</arg>
<doc>Calls the named method of the given object with the provided arguments.</doc>
<status status="PASS" start="2026-02-18T21:27:48.690234" elapsed="0.001007"/>
</kw>
<kw name="Open Browser" owner="SeleniumLibrary">
<msg time="2026-02-18T21:27:48.691241" level="INFO">Opening browser 'chrome' to base url 'https://opensource-demo.orangehrmlive.com/'.</msg>
<arg>${BASE_URL}</arg>
<arg>chrome</arg>
<arg>options=${options}</arg>
<doc>Opens a new browser instance to the optional ``url``.</doc>
<status status="PASS" start="2026-02-18T21:27:48.691241" elapsed="8.532971"/>
</kw>
<status status="PASS" start="2026-02-18T21:27:48.688226" elapsed="8.535986"/>
</branch>
<branch type="ELSE IF" condition="'${browser}'=='firefox'">
<kw name="Evaluate" owner="BuiltIn">
<var>${options}</var>
<arg>__import__('selenium.webdriver').webdriver.FirefoxOptions()</arg>
<doc>Evaluates the given expression in Python and returns the result.</doc>
<status status="NOT RUN" start="2026-02-18T21:27:57.225229" elapsed="0.000000"/>
</kw>
<kw name="Run Keyword If" owner="BuiltIn">
<arg>'${headless}'=='True' or '${headless}'=='true'</arg>
<arg>Call Method</arg>
<arg>${options}</arg>
<arg>add_argument</arg>
<arg>-headless</arg>
<doc>Runs the given keyword with the given arguments, if ``condition`` is true.</doc>
<status status="NOT RUN" start="2026-02-18T21:27:57.225229" elapsed="0.000000"/>
</kw>
<kw name="Open Browser" owner="SeleniumLibrary">
<arg>${BASE_URL}</arg>
<arg>firefox</arg>
<arg>options=${options}</arg>
<doc>Opens a new browser instance to the optional ``url``.</doc>
<status status="NOT RUN" start="2026-02-18T21:27:57.225229" elapsed="0.000000"/>
</kw>
<status status="NOT RUN" start="2026-02-18T21:27:57.224212" elapsed="0.001017"/>
</branch>
<branch type="ELSE">
<kw name="Open Browser" owner="SeleniumLibrary">
<arg>${BASE_URL}</arg>
<arg>${browser}</arg>
<doc>Opens a new browser instance to the optional ``url``.</doc>
<status status="NOT RUN" start="2026-02-18T21:27:57.225229" elapsed="0.000000"/>
</kw>
<status status="NOT RUN" start="2026-02-18T21:27:57.225229" elapsed="0.000000"/>
</branch>
<status status="PASS" start="2026-02-18T21:27:48.688226" elapsed="8.537003"/>
</if>
<kw name="Maximize Browser Window" owner="SeleniumLibrary">
<doc>Maximizes current browser window.</doc>
<status status="PASS" start="2026-02-18T21:27:57.225229" elapsed="0.040993"/>
</kw>
<kw name="Set Selenium Speed" owner="SeleniumLibrary">
<arg>${SEL_SPEED}</arg>
<doc>Sets the delay that is waited after each Selenium command.</doc>
<status status="PASS" start="2026-02-18T21:27:57.267204" elapsed="0.000000"/>
</kw>
<status status="PASS" start="2026-02-18T21:27:48.686720" elapsed="8.580484"/>
</kw>
<test id="s1-s1-t1" name="TC01 Create Employee in PIM [smoke]" line="18">
<kw name="Login As" owner="LoginPage">
<kw name="Wait Until Element Is Visible" owner="SeleniumLibrary">
<arg>${LOGIN_USER}</arg>
<doc>Waits until the element ``locator`` is visible.</doc>
<status status="PASS" start="2026-02-18T21:27:57.268205" elapsed="1.332236"/>
</kw>
<kw name="Input Text" owner="SeleniumLibrary">
<msg time="2026-02-18T21:27:58.600441" level="INFO">Typing text 'Admin' into text field 'xpath=//input[@name='username']'.</msg>
<arg>${LOGIN_USER}</arg>
<arg>${username}</arg>
<doc>Types the given ``text`` into the text field identified by ``locator``.</doc>
<status status="PASS" start="2026-02-18T21:27:58.600441" elapsed="0.064942"/>
</kw>
<kw name="Input Password" owner="SeleniumLibrary">
<msg time="2026-02-18T21:27:58.665910" level="INFO">Typing password into text field 'xpath=//input[@name='password']'.</msg>
<msg time="2026-02-18T21:27:58.689851" level="INFO">Temporally setting log level to: NONE</msg>
<arg>${LOGIN_PASS}</arg>
<arg>${password}</arg>
<doc>Types the given password into the text field identified by ``locator``.</doc>
<status status="PASS" start="2026-02-18T21:27:58.665383" elapsed="0.064605"/>
</kw>
<kw name="Click Button" owner="SeleniumLibrary">
<msg time="2026-02-18T21:27:58.730982" level="INFO">Clicking button 'xpath=//button[@type='submit']'.</msg>
<arg>${LOGIN_BTN}</arg>
<doc>Clicks the button identified by ``locator``.</doc>
<status status="PASS" start="2026-02-18T21:27:58.729988" elapsed="0.075467"/>
</kw>
<kw name="Wait Until Element Is Visible" owner="SeleniumLibrary">
<arg>${USER_DROPDOWN}</arg>
<arg>20s</arg>
<doc>Waits until the element ``locator`` is visible.</doc>
<status status="PASS" start="2026-02-18T21:27:58.806456" elapsed="2.142669"/>
</kw>
<arg>${ADMIN_USER}</arg>
<arg>${ADMIN_PASS}</arg>
<status status="PASS" start="2026-02-18T21:27:57.268205" elapsed="3.680920"/>
</kw>
<kw name="Go To PIM" owner="SideMenu">
<kw name="Safe Click" owner="common">
<kw name="Wait Until Element Is Visible" owner="SeleniumLibrary">
<arg>${locator}</arg>
<arg>${timeout}</arg>
<doc>Waits until the element ``locator`` is visible.</doc>
<status status="PASS" start="2026-02-18T21:28:00.950127" elapsed="0.015029"/>
</kw>
<kw name="Wait Until Element Is Enabled" owner="SeleniumLibrary">
<arg>${locator}</arg>
<arg>${timeout}</arg>
<doc>Waits until the element ``locator`` is enabled.</doc>
<status status="PASS" start="2026-02-18T21:28:00.965156" elapsed="0.013872"/>
</kw>
<kw name="Scroll Element Into View" owner="SeleniumLibrary">
<arg>${locator}</arg>
<doc>Scrolls the element identified by ``locator`` into view.</doc>
<status status="PASS" start="2026-02-18T21:28:00.980029" elapsed="0.279189"/>
</kw>
<kw name="Run Keyword And Return Status" owner="BuiltIn">
<kw name="Click Element" owner="SeleniumLibrary">
<msg time="2026-02-18T21:28:01.259218" level="INFO">Clicking element 'xpath=//span[normalize-space(.)='PIM']/ancestor::a'.</msg>
<arg>${locator}</arg>
<doc>Click the element identified by ``locator``.</doc>
<status status="PASS" start="2026-02-18T21:28:01.259218" elapsed="1.342810"/>
</kw>
<msg time="2026-02-18T21:28:02.602028" level="INFO">${ok} = True</msg>
<var>${ok}</var>
<arg>Click Element</arg>
<arg>${locator}</arg>
<doc>Runs the given keyword with given arguments and returns the status as a Boolean value.</doc>
<status status="PASS" start="2026-02-18T21:28:01.259218" elapsed="1.342810"/>
</kw>
<if>
<branch type="IF" condition="not ${ok}">
<kw name="Get WebElement" owner="SeleniumLibrary">
<var>${el}</var>
<arg>${locator}</arg>
<doc>Returns the first WebElement matching the given ``locator``.</doc>
<status status="NOT RUN" start="2026-02-18T21:28:02.603028" elapsed="0.000000"/>
</kw>
<kw name="Execute Javascript" owner="SeleniumLibrary">
<arg>arguments[0].click();</arg>
<arg>ARGUMENTS</arg>
<arg>${el}</arg>
<doc>Executes the given JavaScript code with possible arguments.</doc>
<status status="NOT RUN" start="2026-02-18T21:28:02.603028" elapsed="0.000000"/>
</kw>
<status status="NOT RUN" start="2026-02-18T21:28:02.603028" elapsed="0.000000"/>
</branch>
<status status="PASS" start="2026-02-18T21:28:02.603028" elapsed="0.000000"/>
</if>
<kw name="Wait For App Idle" owner="common">
<kw name="Sleep" owner="BuiltIn">
<msg time="2026-02-18T21:28:02.904334" level="INFO">Slept 300 milliseconds.</msg>
<arg>0.3s</arg>
<doc>Pauses the test executed for the given time.</doc>
<status status="PASS" start="2026-02-18T21:28:02.603028" elapsed="0.301306"/>
</kw>
<kw name="Wait Until Page Contains Element" owner="SeleniumLibrary">
<arg>xpath=//body</arg>
<arg>10s</arg>
<doc>Waits until the element ``locator`` appears on the current page.</doc>
<status status="PASS" start="2026-02-18T21:28:02.904334" elapsed="0.010945"/>
</kw>
<status status="PASS" start="2026-02-18T21:28:02.603028" elapsed="0.312251"/>
</kw>
<arg>${MENU_PIM}</arg>
<status status="PASS" start="2026-02-18T21:28:00.950127" elapsed="1.965152"/>
</kw>
<kw name="Wait Until URL Contains" owner="common">
<kw name="Wait Until Keyword Succeeds" owner="BuiltIn">
<kw name="Location Should Contain" owner="SeleniumLibrary">
<msg time="2026-02-18T21:28:02.920501" level="INFO">Current location contains '/pim'.</msg>
<arg>${partial}</arg>
<doc>Verifies that the current URL contains ``expected``.</doc>
<status status="PASS" start="2026-02-18T21:28:02.916278" elapsed="0.004223"/>
</kw>
<arg>${timeout}</arg>
<arg>1s</arg>
<arg>Location Should Contain</arg>
<arg>${partial}</arg>
<doc>Runs the specified keyword and retries if it fails.</doc>
<status status="PASS" start="2026-02-18T21:28:02.916278" elapsed="0.004223"/>
</kw>
<arg>/pim</arg>
<status status="PASS" start="2026-02-18T21:28:02.915279" elapsed="0.005222"/>
</kw>
<status status="PASS" start="2026-02-18T21:28:00.950127" elapsed="1.970374"/>
</kw>
<kw name="Generate Unique" owner="common">
<kw name="Generate Random String" owner="String">
<msg time="2026-02-18T21:28:02.921482" level="INFO">${rand} = 5exncu</msg>
<var>${rand}</var>
<arg>6</arg>
<arg>[LETTERS][NUMBERS]</arg>
<doc>Generates a string with a desired ``length`` from the given ``chars``.</doc>
<status status="PASS" start="2026-02-18T21:28:02.921482" elapsed="0.000000"/>
</kw>
<kw name="Catenate" owner="BuiltIn">
<msg time="2026-02-18T21:28:02.922530" level="INFO">${value} = First_5exncu</msg>
<var>${value}</var>
<arg>SEPARATOR=_</arg>
<arg>${prefix}</arg>
<arg>${rand}</arg>
<doc>Catenates the given items together and returns the resulted string.</doc>
<status status="PASS" start="2026-02-18T21:28:02.921482" elapsed="0.001048"/>
</kw>
<return>
<value>${value}</value>
<status status="PASS" start="2026-02-18T21:28:02.922530" elapsed="0.000000"/>
</return>
<msg time="2026-02-18T21:28:02.922530" level="INFO">${first} = First_5exncu</msg>
<var>${first}</var>
<arg>First</arg>
<status status="PASS" start="2026-02-18T21:28:02.921482" elapsed="0.001048"/>
</kw>
<kw name="Generate Unique" owner="common">
<kw name="Generate Random String" owner="String">
<msg time="2026-02-18T21:28:02.922530" level="INFO">${rand} = sIeEhT</msg>
<var>${rand}</var>
<arg>6</arg>
<arg>[LETTERS][NUMBERS]</arg>
<doc>Generates a string with a desired ``length`` from the given ``chars``.</doc>
<status status="PASS" start="2026-02-18T21:28:02.922530" elapsed="0.000000"/>
</kw>
<kw name="Catenate" owner="BuiltIn">
<msg time="2026-02-18T21:28:02.924064" level="INFO">${value} = Last_sIeEhT</msg>
<var>${value}</var>
<arg>SEPARATOR=_</arg>
<arg>${prefix}</arg>
<arg>${rand}</arg>
<doc>Catenates the given items together and returns the resulted string.</doc>
<status status="PASS" start="2026-02-18T21:28:02.922530" elapsed="0.001534"/>
</kw>
<return>
<value>${value}</value>
<status status="PASS" start="2026-02-18T21:28:02.924064" elapsed="0.000000"/>
</return>
<msg time="2026-02-18T21:28:02.924064" level="INFO">${last} = Last_sIeEhT</msg>
<var>${last}</var>
<arg>Last</arg>
<status status="PASS" start="2026-02-18T21:28:02.922530" elapsed="0.001534"/>
</kw>
<kw name="Create Employee" owner="PIMPage">
<kw name="Wait Until Page Contains Element" owner="SeleniumLibrary">
<arg>${employee_header}</arg>
<arg>20s</arg>
<doc>Waits until the element ``locator`` appears on the current page.</doc>
<status status="PASS" start="2026-02-18T21:28:02.925072" elapsed="0.216186"/>
</kw>
<kw name="Wait Until Element Is Visible" owner="SeleniumLibrary">
<arg>${PIM_ADD_BTN}</arg>
<arg>20s</arg>
<doc>Waits until the element ``locator`` is visible.</doc>
<status status="PASS" start="2026-02-18T21:28:03.141258" elapsed="0.012950"/>
</kw>
<kw name="Safe Click" owner="common">
<kw name="Wait Until Element Is Visible" owner="SeleniumLibrary">
<arg>${locator}</arg>
<arg>${timeout}</arg>
<doc>Waits until the element ``locator`` is visible.</doc>
<status status="PASS" start="2026-02-18T21:28:03.155207" elapsed="0.017334"/>
</kw>
<kw name="Wait Until Element Is Enabled" owner="SeleniumLibrary">
<arg>${locator}</arg>
<arg>${timeout}</arg>
<doc>Waits until the element ``locator`` is enabled.</doc>
<status status="PASS" start="2026-02-18T21:28:03.172541" elapsed="0.011529"/>
</kw>
<kw name="Scroll Element Into View" owner="SeleniumLibrary">
<arg>${locator}</arg>
<doc>Scrolls the element identified by ``locator`` into view.</doc>
<status status="PASS" start="2026-02-18T21:28:03.184070" elapsed="0.273254"/>
</kw>
<kw name="Run Keyword And Return Status" owner="BuiltIn">
<kw name="Click Element" owner="SeleniumLibrary">
<msg time="2026-02-18T21:28:03.458322" level="INFO">Clicking element 'xpath=//button[normalize-space(.)='Add']'.</msg>
<arg>${locator}</arg>
<doc>Click the element identified by ``locator``.</doc>
<status status="PASS" start="2026-02-18T21:28:03.457324" elapsed="0.733015"/>
</kw>
<msg time="2026-02-18T21:28:04.190339" level="INFO">${ok} = True</msg>
<var>${ok}</var>
<arg>Click Element</arg>
<arg>${locator}</arg>
<doc>Runs the given keyword with given arguments and returns the status as a Boolean value.</doc>
<status status="PASS" start="2026-02-18T21:28:03.457324" elapsed="0.733015"/>
</kw>
<if>
<branch type="IF" condition="not ${ok}">
<kw name="Get WebElement" owner="SeleniumLibrary">
<var>${el}</var>
<arg>${locator}</arg>
<doc>Returns the first WebElement matching the given ``locator``.</doc>
<status status="NOT RUN" start="2026-02-18T21:28:04.190339" elapsed="0.000000"/>
</kw>
<kw name="Execute Javascript" owner="SeleniumLibrary">
<arg>arguments[0].click();</arg>
<arg>ARGUMENTS</arg>
<arg>${el}</arg>
<doc>Executes the given JavaScript code with possible arguments.</doc>
<status status="NOT RUN" start="2026-02-18T21:28:04.190339" elapsed="0.001001"/>
</kw>
<status status="NOT RUN" start="2026-02-18T21:28:04.190339" elapsed="0.001001"/>
</branch>
<status status="PASS" start="2026-02-18T21:28:04.190339" elapsed="0.001001"/>
</if>
<kw name="Wait For App Idle" owner="common">
<kw name="Sleep" owner="BuiltIn">
<msg time="2026-02-18T21:28:04.491441" level="INFO">Slept 300 milliseconds.</msg>
<arg>0.3s</arg>
<doc>Pauses the test executed for the given time.</doc>
<status status="PASS" start="2026-02-18T21:28:04.191340" elapsed="0.300101"/>
</kw>
<kw name="Wait Until Page Contains Element" owner="SeleniumLibrary">
<arg>xpath=//body</arg>
<arg>10s</arg>
<doc>Waits until the element ``locator`` appears on the current page.</doc>
<status status="PASS" start="2026-02-18T21:28:04.491441" elapsed="0.005533"/>
</kw>
<status status="PASS" start="2026-02-18T21:28:04.191340" elapsed="0.305634"/>
</kw>
<arg>${PIM_ADD_BTN}</arg>
<status status="PASS" start="2026-02-18T21:28:03.155207" elapsed="1.341767"/>
</kw>
<kw name="Wait Until Element Is Visible" owner="SeleniumLibrary">
<arg>${EMP_FIRSTNAME}</arg>
<arg>20s</arg>
<doc>Waits until the element ``locator`` is visible.</doc>
<status status="PASS" start="2026-02-18T21:28:04.497978" elapsed="0.225425"/>
</kw>
<kw name="Input Text" owner="SeleniumLibrary">
<msg time="2026-02-18T21:28:04.723403" level="INFO">Typing text 'First_5exncu' into text field 'xpath=//input[@name='firstName']'.</msg>
<arg>${EMP_FIRSTNAME}</arg>
<arg>${first}</arg>
<doc>Types the given ``text`` into the text field identified by ``locator``.</doc>
<status status="PASS" start="2026-02-18T21:28:04.723403" elapsed="0.069322"/>
</kw>
<kw name="Input Text" owner="SeleniumLibrary">
<msg time="2026-02-18T21:28:04.792725" level="INFO">Typing text 'Last_sIeEhT' into text field 'xpath=//input[@name='lastName']'.</msg>
<arg>${EMP_LASTNAME}</arg>
<arg>${last}</arg>
<doc>Types the given ``text`` into the text field identified by ``locator``.</doc>
<status status="PASS" start="2026-02-18T21:28:04.792725" elapsed="0.078391"/>
</kw>
<kw name="Get Value" owner="SeleniumLibrary">
<msg time="2026-02-18T21:28:04.884169" level="INFO">${emp_id} = 0423</msg>
<var>${emp_id}</var>
<arg>${EMP_ID}</arg>
<doc>Returns the value attribute of the element identified by ``locator``.</doc>
<status status="PASS" start="2026-02-18T21:28:04.871116" elapsed="0.013053"/>
</kw>
<kw name="Safe Click" owner="common">
<kw name="Wait Until Element Is Visible" owner="SeleniumLibrary">
<arg>${locator}</arg>
<arg>${timeout}</arg>
<doc>Waits until the element ``locator`` is visible.</doc>
<status status="PASS" start="2026-02-18T21:28:04.884169" elapsed="0.012101"/>
</kw>
<kw name="Wait Until Element Is Enabled" owner="SeleniumLibrary">
<arg>${locator}</arg>
<arg>${timeout}</arg>
<doc>Waits until the element ``locator`` is enabled.</doc>
<status status="PASS" start="2026-02-18T21:28:04.896270" elapsed="0.012701"/>
</kw>
<kw name="Scroll Element Into View" owner="SeleniumLibrary">
<arg>${locator}</arg>
<doc>Scrolls the element identified by ``locator`` into view.</doc>
<status status="PASS" start="2026-02-18T21:28:04.908971" elapsed="0.279169"/>
</kw>
<kw name="Run Keyword And Return Status" owner="BuiltIn">
<kw name="Click Element" owner="SeleniumLibrary">
<msg time="2026-02-18T21:28:05.188140" level="INFO">Clicking element 'xpath=//button[@type='submit' and normalize-space(.)='Save']'.</msg>
<arg>${locator}</arg>
<doc>Click the element identified by ``locator``.</doc>
<status status="PASS" start="2026-02-18T21:28:05.188140" elapsed="0.367958"/>
</kw>
<msg time="2026-02-18T21:28:05.557102" level="INFO">${ok} = True</msg>
<var>${ok}</var>
<arg>Click Element</arg>
<arg>${locator}</arg>
<doc>Runs the given keyword with given arguments and returns the status as a Boolean value.</doc>
<status status="PASS" start="2026-02-18T21:28:05.188140" elapsed="0.368962"/>
</kw>
<if>
<branch type="IF" condition="not ${ok}">
<kw name="Get WebElement" owner="SeleniumLibrary">
<var>${el}</var>
<arg>${locator}</arg>
<doc>Returns the first WebElement matching the given ``locator``.</doc>
<status status="NOT RUN" start="2026-02-18T21:28:05.557102" elapsed="0.000000"/>
</kw>
<kw name="Execute Javascript" owner="SeleniumLibrary">
<arg>arguments[0].click();</arg>
<arg>ARGUMENTS</arg>
<arg>${el}</arg>
<doc>Executes the given JavaScript code with possible arguments.</doc>
<status status="NOT RUN" start="2026-02-18T21:28:05.557102" elapsed="0.000000"/>
</kw>
<status status="NOT RUN" start="2026-02-18T21:28:05.557102" elapsed="0.000000"/>
</branch>
<status status="PASS" start="2026-02-18T21:28:05.557102" elapsed="0.000000"/>
</if>
<kw name="Wait For App Idle" owner="common">
<kw name="Sleep" owner="BuiltIn">
<msg time="2026-02-18T21:28:05.858527" level="INFO">Slept 300 milliseconds.</msg>
<arg>0.3s</arg>
<doc>Pauses the test executed for the given time.</doc>
<status status="PASS" start="2026-02-18T21:28:05.558102" elapsed="0.300425"/>
</kw>
<kw name="Wait Until Page Contains Element" owner="SeleniumLibrary">
<arg>xpath=//body</arg>
<arg>10s</arg>
<doc>Waits until the element ``locator`` appears on the current page.</doc>
<status status="PASS" start="2026-02-18T21:28:05.858527" elapsed="0.005777"/>
</kw>
<status status="PASS" start="2026-02-18T21:28:05.557102" elapsed="0.307202"/>
</kw>
<arg>${SAVE_BTN}</arg>
<status status="PASS" start="2026-02-18T21:28:04.884169" elapsed="0.980135"/>
</kw>
<kw name="Wait For Toast Success" owner="common">
<kw name="Wait Until Element Is Visible" owner="SeleniumLibrary">
<arg>${TOAST}</arg>
<arg>20s</arg>
<doc>Waits until the element ``locator`` is visible.</doc>
<status status="PASS" start="2026-02-18T21:28:05.864304" elapsed="1.273669"/>
</kw>
<kw name="Wait Until Element Is Visible" owner="SeleniumLibrary">
<arg>${TOAST_SUCCESS}</arg>
<arg>20s</arg>
<doc>Waits until the element ``locator`` is visible.</doc>
<status status="PASS" start="2026-02-18T21:28:07.137973" elapsed="0.014433"/>
</kw>
<status status="PASS" start="2026-02-18T21:28:05.864304" elapsed="1.288102"/>
</kw>
<return>
<value>${emp_id}</value>
<status status="PASS" start="2026-02-18T21:28:07.152406" elapsed="0.000000"/>
</return>
<msg time="2026-02-18T21:28:07.152406" level="INFO">${emp_id} = 0423</msg>
<var>${emp_id}</var>
<arg>${first}</arg>
<arg>${last}</arg>
<status status="PASS" start="2026-02-18T21:28:02.924064" elapsed="4.228342"/>
</kw>
<kw name="Set Suite Variable" owner="BuiltIn">
<msg time="2026-02-18T21:28:07.153409" level="INFO">${CREATED_EMP_ID} = 0423</msg>
<arg>${CREATED_EMP_ID}</arg>
<arg>${emp_id}</arg>
<doc>Makes a variable available everywhere within the scope of the current suite.</doc>
<status status="PASS" start="2026-02-18T21:28:07.153409" elapsed="0.000000"/>
</kw>
<kw name="Set Suite Variable" owner="BuiltIn">
<msg time="2026-02-18T21:28:07.153409" level="INFO">${CREATED_EMP_NAME} = First_5exncu Last_sIeEhT</msg>
<arg>${CREATED_EMP_NAME}</arg>
<arg>${first} ${last}</arg>
<doc>Makes a variable available everywhere within the scope of the current suite.</doc>
<status status="PASS" start="2026-02-18T21:28:07.153409" elapsed="0.000000"/>
</kw>
<kw name="Should Not Be Empty" owner="BuiltIn">
<msg time="2026-02-18T21:28:07.154408" level="INFO">Length is 4.</msg>
<arg>${CREATED_EMP_ID}</arg>
<doc>Verifies that the given item is not empty.</doc>
<status status="PASS" start="2026-02-18T21:28:07.154408" elapsed="0.000000"/>
</kw>
<kw name="Capture Screenshot On Failure" owner="common" type="TEARDOWN">
<kw name="Run Keyword If Test Failed" owner="BuiltIn">
<arg>Capture Page Screenshot</arg>
<doc>Runs the given keyword with the given arguments, if the test failed.</doc>
<status status="PASS" start="2026-02-18T21:28:07.155409" elapsed="0.000000"/>
</kw>
<status status="PASS" start="2026-02-18T21:28:07.155409" elapsed="0.000000"/>
</kw>
<tag>smoke</tag>
<status status="PASS" start="2026-02-18T21:27:57.267204" elapsed="9.888205"/>
</test>
<test id="s1-s1-t2" name="TC02 Search For Created Employee [regression]" line="29">
<kw name="Go To PIM" owner="SideMenu">
<kw name="Safe Click" owner="common">
<kw name="Wait Until Element Is Visible" owner="SeleniumLibrary">
<arg>${locator}</arg>
<arg>${timeout}</arg>
<doc>Waits until the element ``locator`` is visible.</doc>
<status status="PASS" start="2026-02-18T21:28:07.156410" elapsed="0.013009"/>
</kw>
<kw name="Wait Until Element Is Enabled" owner="SeleniumLibrary">
<arg>${locator}</arg>
<arg>${timeout}</arg>
<doc>Waits until the element ``locator`` is enabled.</doc>
<status status="PASS" start="2026-02-18T21:28:07.169419" elapsed="0.016967"/>
</kw>
<kw name="Scroll Element Into View" owner="SeleniumLibrary">
<arg>${locator}</arg>
<doc>Scrolls the element identified by ``locator`` into view.</doc>
<status status="PASS" start="2026-02-18T21:28:07.186386" elapsed="0.278681"/>
</kw>
<kw name="Run Keyword And Return Status" owner="BuiltIn">
<kw name="Click Element" owner="SeleniumLibrary">
<msg time="2026-02-18T21:28:07.466067" level="INFO">Clicking element 'xpath=//span[normalize-space(.)='PIM']/ancestor::a'.</msg>
<arg>${locator}</arg>
<doc>Click the element identified by ``locator``.</doc>
<status status="PASS" start="2026-02-18T21:28:07.466067" elapsed="1.106519"/>
</kw>
<msg time="2026-02-18T21:28:08.573126" level="INFO">${ok} = True</msg>
<var>${ok}</var>
<arg>Click Element</arg>
<arg>${locator}</arg>
<doc>Runs the given keyword with given arguments and returns the status as a Boolean value.</doc>
<status status="PASS" start="2026-02-18T21:28:07.466067" elapsed="1.107059"/>
</kw>
<if>
<branch type="IF" condition="not ${ok}">
<kw name="Get WebElement" owner="SeleniumLibrary">
<var>${el}</var>
<arg>${locator}</arg>
<doc>Returns the first WebElement matching the given ``locator``.</doc>
<status status="NOT RUN" start="2026-02-18T21:28:08.573683" elapsed="0.000000"/>
</kw>
<kw name="Execute Javascript" owner="SeleniumLibrary">
<arg>arguments[0].click();</arg>
<arg>ARGUMENTS</arg>
<arg>${el}</arg>
<doc>Executes the given JavaScript code with possible arguments.</doc>
<status status="NOT RUN" start="2026-02-18T21:28:08.573683" elapsed="0.000000"/>
</kw>
<status status="NOT RUN" start="2026-02-18T21:28:08.573126" elapsed="0.000557"/>
</branch>
<status status="PASS" start="2026-02-18T21:28:08.573126" elapsed="0.000557"/>
</if>
<kw name="Wait For App Idle" owner="common">
<kw name="Sleep" owner="BuiltIn">
<msg time="2026-02-18T21:28:08.875444" level="INFO">Slept 300 milliseconds.</msg>
<arg>0.3s</arg>
<doc>Pauses the test executed for the given time.</doc>
<status status="PASS" start="2026-02-18T21:28:08.574219" elapsed="0.301225"/>
</kw>
<kw name="Wait Until Page Contains Element" owner="SeleniumLibrary">
<arg>xpath=//body</arg>
<arg>10s</arg>
<doc>Waits until the element ``locator`` appears on the current page.</doc>
<status status="PASS" start="2026-02-18T21:28:08.875444" elapsed="0.004532"/>
</kw>
<status status="PASS" start="2026-02-18T21:28:08.573683" elapsed="0.306293"/>
</kw>
<arg>${MENU_PIM}</arg>
<status status="PASS" start="2026-02-18T21:28:07.156410" elapsed="1.723566"/>
</kw>
<kw name="Wait Until URL Contains" owner="common">
<kw name="Wait Until Keyword Succeeds" owner="BuiltIn">
<kw name="Location Should Contain" owner="SeleniumLibrary">
<msg time="2026-02-18T21:28:08.883989" level="INFO">Current location contains '/pim'.</msg>
<arg>${partial}</arg>
<doc>Verifies that the current URL contains ``expected``.</doc>
<status status="PASS" start="2026-02-18T21:28:08.880975" elapsed="0.003014"/>
</kw>
<arg>${timeout}</arg>
<arg>1s</arg>
<arg>Location Should Contain</arg>
<arg>${partial}</arg>
<doc>Runs the specified keyword and retries if it fails.</doc>
<status status="PASS" start="2026-02-18T21:28:08.880975" elapsed="0.003014"/>
</kw>
<arg>/pim</arg>
<status status="PASS" start="2026-02-18T21:28:08.880975" elapsed="0.003014"/>
</kw>
<status status="PASS" start="2026-02-18T21:28:07.156410" elapsed="1.727579"/>
</kw>
<kw name="Open Employee List" owner="PIMPage">
<kw name="Wait Until Page Contains Element" owner="SeleniumLibrary">
<arg>${employee_header}</arg>
<arg>20s</arg>
<doc>Waits until the element ``locator`` appears on the current page.</doc>
<status status="PASS" start="2026-02-18T21:28:08.883989" elapsed="0.415666"/>
</kw>
<kw name="Wait Until Element Is Visible" owner="SeleniumLibrary">
<arg>${PIM_EMP_LIST_TAB}</arg>
<arg>20s</arg>
<doc>Waits until the element ``locator`` is visible.</doc>
<status status="PASS" start="2026-02-18T21:28:09.299655" elapsed="0.012619"/>
</kw>
<kw name="Safe Click" owner="common">
<kw name="Wait Until Element Is Visible" owner="SeleniumLibrary">
<arg>${locator}</arg>
<arg>${timeout}</arg>
<doc>Waits until the element ``locator`` is visible.</doc>
<status status="PASS" start="2026-02-18T21:28:09.313437" elapsed="0.009514"/>
</kw>
<kw name="Wait Until Element Is Enabled" owner="SeleniumLibrary">
<arg>${locator}</arg>
<arg>${timeout}</arg>
<doc>Waits until the element ``locator`` is enabled.</doc>
<status status="PASS" start="2026-02-18T21:28:09.322951" elapsed="0.012507"/>
</kw>
<kw name="Scroll Element Into View" owner="SeleniumLibrary">
<arg>${locator}</arg>
<doc>Scrolls the element identified by ``locator`` into view.</doc>
<status status="PASS" start="2026-02-18T21:28:09.335458" elapsed="0.263445"/>
</kw>
<kw name="Run Keyword And Return Status" owner="BuiltIn">
<kw name="Click Element" owner="SeleniumLibrary">
<msg time="2026-02-18T21:28:09.599902" level="INFO">Clicking element 'xpath=//a[normalize-space(.)='Employee List']'.</msg>
<arg>${locator}</arg>
<doc>Click the element identified by ``locator``.</doc>
<status status="PASS" start="2026-02-18T21:28:09.598903" elapsed="1.009999"/>
</kw>
<msg time="2026-02-18T21:28:10.608902" level="INFO">${ok} = True</msg>
<var>${ok}</var>
<arg>Click Element</arg>
<arg>${locator}</arg>
<doc>Runs the given keyword with given arguments and returns the status as a Boolean value.</doc>
<status status="PASS" start="2026-02-18T21:28:09.598903" elapsed="1.009999"/>
</kw>
<if>
<branch type="IF" condition="not ${ok}">
<kw name="Get WebElement" owner="SeleniumLibrary">
<var>${el}</var>
<arg>${locator}</arg>
<doc>Returns the first WebElement matching the given ``locator``.</doc>
<status status="NOT RUN" start="2026-02-18T21:28:10.608902" elapsed="0.000000"/>
</kw>
<kw name="Execute Javascript" owner="SeleniumLibrary">
<arg>arguments[0].click();</arg>
<arg>ARGUMENTS</arg>
<arg>${el}</arg>
<doc>Executes the given JavaScript code with possible arguments.</doc>
<status status="NOT RUN" start="2026-02-18T21:28:10.608902" elapsed="0.000000"/>
</kw>
<status status="NOT RUN" start="2026-02-18T21:28:10.608902" elapsed="0.000000"/>
</branch>
<status status="PASS" start="2026-02-18T21:28:10.608902" elapsed="0.000000"/>
</if>
<kw name="Wait For App Idle" owner="common">
<kw name="Sleep" owner="BuiltIn">
<msg time="2026-02-18T21:28:10.910024" level="INFO">Slept 300 milliseconds.</msg>
<arg>0.3s</arg>
<doc>Pauses the test executed for the given time.</doc>
<status status="PASS" start="2026-02-18T21:28:10.609901" elapsed="0.300123"/>
</kw>
<kw name="Wait Until Page Contains Element" owner="SeleniumLibrary">
<arg>xpath=//body</arg>
<arg>10s</arg>
<doc>Waits until the element ``locator`` appears on the current page.</doc>
<status status="PASS" start="2026-02-18T21:28:10.910024" elapsed="0.006064"/>
</kw>
<status status="PASS" start="2026-02-18T21:28:10.608902" elapsed="0.307186"/>
</kw>
<arg>${PIM_EMP_LIST_TAB}</arg>
<status status="PASS" start="2026-02-18T21:28:09.312274" elapsed="1.603814"/>
</kw>
<kw name="Wait Until Element Is Visible" owner="SeleniumLibrary">
<arg>${EMP_SEARCH_ID}</arg>
<arg>20s</arg>
<doc>Waits until the element ``locator`` is visible.</doc>
<status status="PASS" start="2026-02-18T21:28:10.916088" elapsed="0.421199"/>
</kw>
<status status="PASS" start="2026-02-18T21:28:08.883989" elapsed="2.454299"/>
</kw>
<kw name="Search Employee By Id" owner="PIMPage">
<kw name="Clear Element Text" owner="SeleniumLibrary">
<arg>${EMP_SEARCH_ID}</arg>
<doc>Clears the value of the text-input-element identified by ``locator``.</doc>
<status status="PASS" start="2026-02-18T21:28:11.338288" elapsed="0.021654"/>
</kw>
<kw name="Input Text" owner="SeleniumLibrary">
<msg time="2026-02-18T21:28:11.359942" level="INFO">Typing text '0423' into text field 'xpath=//label[normalize-space(.)='Employee Id']/parent::div/following::div//input'.</msg>
<arg>${EMP_SEARCH_ID}</arg>
<arg>${emp_id}</arg>
<doc>Types the given ``text`` into the text field identified by ``locator``.</doc>
<status status="PASS" start="2026-02-18T21:28:11.359942" elapsed="0.056438"/>
</kw>
<kw name="Safe Click" owner="common">
<kw name="Wait Until Element Is Visible" owner="SeleniumLibrary">
<arg>${locator}</arg>
<arg>${timeout}</arg>
<doc>Waits until the element ``locator`` is visible.</doc>
<status status="PASS" start="2026-02-18T21:28:11.416380" elapsed="0.013764"/>
</kw>
<kw name="Wait Until Element Is Enabled" owner="SeleniumLibrary">
<arg>${locator}</arg>
<arg>${timeout}</arg>
<doc>Waits until the element ``locator`` is enabled.</doc>
<status status="PASS" start="2026-02-18T21:28:11.430144" elapsed="0.013054"/>
</kw>
<kw name="Scroll Element Into View" owner="SeleniumLibrary">
<arg>${locator}</arg>
<doc>Scrolls the element identified by ``locator`` into view.</doc>
<status status="PASS" start="2026-02-18T21:28:11.443198" elapsed="0.279107"/>
</kw>
<kw name="Run Keyword And Return Status" owner="BuiltIn">
<kw name="Click Element" owner="SeleniumLibrary">
<msg time="2026-02-18T21:28:11.722305" level="INFO">Clicking element 'xpath=//button[@type='submit' and normalize-space(.)='Search']'.</msg>
<arg>${locator}</arg>
<doc>Click the element identified by ``locator``.</doc>
<status status="PASS" start="2026-02-18T21:28:11.722305" elapsed="0.043036"/>
</kw>
<msg time="2026-02-18T21:28:11.765341" level="INFO">${ok} = True</msg>
<var>${ok}</var>
<arg>Click Element</arg>
<arg>${locator}</arg>
<doc>Runs the given keyword with given arguments and returns the status as a Boolean value.</doc>
<status status="PASS" start="2026-02-18T21:28:11.722305" elapsed="0.043036"/>
</kw>
<if>
<branch type="IF" condition="not ${ok}">
<kw name="Get WebElement" owner="SeleniumLibrary">
<var>${el}</var>
<arg>${locator}</arg>
<doc>Returns the first WebElement matching the given ``locator``.</doc>
<status status="NOT RUN" start="2026-02-18T21:28:11.765341" elapsed="0.000000"/>
</kw>
<kw name="Execute Javascript" owner="SeleniumLibrary">
<arg>arguments[0].click();</arg>
<arg>ARGUMENTS</arg>
<arg>${el}</arg>
<doc>Executes the given JavaScript code with possible arguments.</doc>
<status status="NOT RUN" start="2026-02-18T21:28:11.765341" elapsed="0.000000"/>
</kw>
<status status="NOT RUN" start="2026-02-18T21:28:11.765341" elapsed="0.000000"/>
</branch>
<status status="PASS" start="2026-02-18T21:28:11.765341" elapsed="0.000000"/>
</if>
<kw name="Wait For App Idle" owner="common">
<kw name="Sleep" owner="BuiltIn">
<msg time="2026-02-18T21:28:12.066741" level="INFO">Slept 300 milliseconds.</msg>
<arg>0.3s</arg>
<doc>Pauses the test executed for the given time.</doc>
<status status="PASS" start="2026-02-18T21:28:11.766338" elapsed="0.300403"/>
</kw>
<kw name="Wait Until Page Contains Element" owner="SeleniumLibrary">
<arg>xpath=//body</arg>
<arg>10s</arg>
<doc>Waits until the element ``locator`` appears on the current page.</doc>
<status status="PASS" start="2026-02-18T21:28:12.066741" elapsed="0.005532"/>
</kw>
<status status="PASS" start="2026-02-18T21:28:11.766338" elapsed="0.306935"/>
</kw>
<arg>${SEARCH_BTN}</arg>
<status status="PASS" start="2026-02-18T21:28:11.416380" elapsed="0.656893"/>
</kw>
<kw name="Wait Until Element Is Visible" owner="SeleniumLibrary">
<arg>${EMP_TABLE_BODY}</arg>
<arg>20s</arg>
<doc>Waits until the element ``locator`` is visible.</doc>
<status status="PASS" start="2026-02-18T21:28:12.073273" elapsed="0.219113"/>
</kw>
<arg>${CREATED_EMP_ID}</arg>
<status status="PASS" start="2026-02-18T21:28:11.338288" elapsed="0.954098"/>
</kw>
<kw name="Verify Employee Exists In List" owner="PIMPage">
<kw name="Replace String" owner="String">
<msg time="2026-02-18T21:28:12.293385" level="INFO">${locator} = xpath=//div[contains(@class,'oxd-table-body')]//*[contains(normalize-space(.),"0423")]</msg>
<var>${locator}</var>
<arg>${target_employee_tpl}</arg>
<arg>%EMP_ID%</arg>
<arg>${emp_id}</arg>
<doc>Replaces ``search_for`` in the given ``string`` with ``replace_with``.</doc>
<status status="PASS" start="2026-02-18T21:28:12.292386" elapsed="0.000999"/>
</kw>
<kw name="Page Should Contain Element" owner="SeleniumLibrary">
<msg time="2026-02-18T21:28:12.301919" level="INFO">Current page contains element 'xpath=//div[contains(@class,'oxd-table-body')]//*[contains(normalize-space(.),"0423")]'.</msg>
<arg>${locator}</arg>
<doc>Verifies that element ``locator`` is found on the current page.</doc>
<status status="PASS" start="2026-02-18T21:28:12.293385" elapsed="0.008534"/>
</kw>
<arg>${CREATED_EMP_ID}</arg>
<status status="PASS" start="2026-02-18T21:28:12.292386" elapsed="0.009533"/>
</kw>
<kw name="Capture Screenshot On Failure" owner="common" type="TEARDOWN">
<kw name="Run Keyword If Test Failed" owner="BuiltIn">
<arg>Capture Page Screenshot</arg>
<doc>Runs the given keyword with the given arguments, if the test failed.</doc>
<status status="PASS" start="2026-02-18T21:28:12.301919" elapsed="0.000000"/>
</kw>
<status status="PASS" start="2026-02-18T21:28:12.301919" elapsed="0.000000"/>
</kw>
<tag>regression</tag>
<status status="PASS" start="2026-02-18T21:28:07.156410" elapsed="5.146510"/>
</test>
<test id="s1-s1-t3" name="TC03 Create Vacancy In Recruitment [smoke]" line="37">
<kw name="Go To Recruitment" owner="SideMenu">
<kw name="Safe Click" owner="common">
<kw name="Wait Until Element Is Visible" owner="SeleniumLibrary">
<msg time="2026-02-18T21:28:32.475032" level="INFO" html="true">&lt;/td&gt;&lt;/tr&gt;&lt;tr&gt;&lt;td colspan="3"&gt;&lt;a href="selenium-screenshot-1.png"&gt;&lt;img src="selenium-screenshot-1.png" width="800px"&gt;&lt;/a&gt;</msg>
<msg time="2026-02-18T21:28:32.475032" level="FAIL">Element 'xpath=//span[normalize-space(.)='Recruitment']/ancestor::a' not visible after 20 seconds.</msg>
<arg>${locator}</arg>
<arg>${timeout}</arg>
<doc>Waits until the element ``locator`` is visible.</doc>
<status status="FAIL" start="2026-02-18T21:28:12.304425" elapsed="20.172604">Element 'xpath=//span[normalize-space(.)='Recruitment']/ancestor::a' not visible after 20 seconds.</status>
</kw>
<kw name="Wait Until Element Is Enabled" owner="SeleniumLibrary">
<arg>${locator}</arg>
<arg>${timeout}</arg>
<doc>Waits until the element ``locator`` is enabled.</doc>
<status status="NOT RUN" start="2026-02-18T21:28:32.477029" elapsed="0.000000"/>
</kw>
<kw name="Scroll Element Into View" owner="SeleniumLibrary">
<arg>${locator}</arg>
<doc>Scrolls the element identified by ``locator`` into view.</doc>
<status status="NOT RUN" start="2026-02-18T21:28:32.477029" elapsed="0.000000"/>
</kw>
<kw name="Run Keyword And Return Status" owner="BuiltIn">
<var>${ok}</var>
<arg>Click Element</arg>
<arg>${locator}</arg>
<doc>Runs the given keyword with given arguments and returns the status as a Boolean value.</doc>
<status status="NOT RUN" start="2026-02-18T21:28:32.477029" elapsed="0.000000"/>
</kw>
<if>
<branch type="IF" condition="not ${ok}">
<kw name="Get WebElement" owner="SeleniumLibrary">
<var>${el}</var>
<arg>${locator}</arg>
<doc>Returns the first WebElement matching the given ``locator``.</doc>
<status status="NOT RUN" start="2026-02-18T21:28:32.477029" elapsed="0.000000"/>
</kw>
<kw name="Execute Javascript" owner="SeleniumLibrary">
<arg>arguments[0].click();</arg>
<arg>ARGUMENTS</arg>
<arg>${el}</arg>
<doc>Executes the given JavaScript code with possible arguments.</doc>
<status status="NOT RUN" start="2026-02-18T21:28:32.477029" elapsed="0.000000"/>
</kw>
<status status="NOT RUN" start="2026-02-18T21:28:32.477029" elapsed="0.001000"/>
</branch>
<status status="NOT RUN" start="2026-02-18T21:28:32.477029" elapsed="0.001000"/>
</if>
<kw name="Wait For App Idle" owner="common">
<status status="NOT RUN" start="2026-02-18T21:28:32.478029" elapsed="0.000000"/>
</kw>
<arg>${MENU_RECRUIT}</arg>
<status status="FAIL" start="2026-02-18T21:28:12.304425" elapsed="20.174113">Element 'xpath=//span[normalize-space(.)='Recruitment']/ancestor::a' not visible after 20 seconds.</status>
</kw>
<kw name="Wait Until URL Contains" owner="common">
<arg>/recruitment</arg>
<status status="NOT RUN" start="2026-02-18T21:28:32.478538" elapsed="0.000000"/>
</kw>
<status status="FAIL" start="2026-02-18T21:28:12.302920" elapsed="20.175618">Element 'xpath=//span[normalize-space(.)='Recruitment']/ancestor::a' not visible after 20 seconds.</status>
</kw>
<kw name="Open Vacancies" owner="RecruitmentPage">
<status status="NOT RUN" start="2026-02-18T21:28:32.478538" elapsed="0.000000"/>
</kw>
<kw name="Generate Unique" owner="common">
<var>${vac}</var>
<arg>${VACANCY_NAME_PREFIX}</arg>
<status status="NOT RUN" start="2026-02-18T21:28:32.479542" elapsed="0.000000"/>
</kw>
<kw name="Create Vacancy" owner="RecruitmentPage">
<arg>${vac}</arg>
<arg>${CREATED_EMP_NAME}</arg>
<arg>1</arg>
<status status="NOT RUN" start="2026-02-18T21:28:32.479542" elapsed="0.000000"/>
</kw>
<kw name="Validate new vacancy is created" owner="RecruitmentPage">
<arg>${vac}</arg>
<status status="NOT RUN" start="2026-02-18T21:28:32.479542" elapsed="0.000000"/>
</kw>
<kw name="Capture Screenshot On Failure" owner="common" type="TEARDOWN">
<kw name="Run Keyword If Test Failed" owner="BuiltIn">
<kw name="Capture Page Screenshot" owner="SeleniumLibrary">
<msg time="2026-02-18T21:28:32.592413" level="INFO" html="true">&lt;/td&gt;&lt;/tr&gt;&lt;tr&gt;&lt;td colspan="3"&gt;&lt;a href="selenium-screenshot-2.png"&gt;&lt;img src="selenium-screenshot-2.png" width="800px"&gt;&lt;/a&gt;</msg>
<doc>Takes a screenshot of the current page and embeds it into a log file.</doc>
<status status="PASS" start="2026-02-18T21:28:32.480541" elapsed="0.111872"/>
</kw>
<arg>Capture Page Screenshot</arg>
<doc>Runs the given keyword with the given arguments, if the test failed.</doc>
<status status="PASS" start="2026-02-18T21:28:32.480541" elapsed="0.111872"/>
</kw>
<status status="PASS" start="2026-02-18T21:28:32.480541" elapsed="0.111872"/>
</kw>
<tag>smoke</tag>
<status status="FAIL" start="2026-02-18T21:28:12.302920" elapsed="20.289493">Element 'xpath=//span[normalize-space(.)='Recruitment']/ancestor::a' not visible after 20 seconds.</status>
</test>
<test id="s1-s1-t4" name="TC04 Add Candidate In Recruitment [regression]" line="45">
<kw name="Go To Recruitment" owner="SideMenu">
<kw name="Safe Click" owner="common">
<kw name="Wait Until Element Is Visible" owner="SeleniumLibrary">
<msg time="2026-02-18T21:28:52.864836" level="INFO" html="true">&lt;/td&gt;&lt;/tr&gt;&lt;tr&gt;&lt;td colspan="3"&gt;&lt;a href="selenium-screenshot-3.png"&gt;&lt;img src="selenium-screenshot-3.png" width="800px"&gt;&lt;/a&gt;</msg>
<msg time="2026-02-18T21:28:52.864836" level="FAIL">Element 'xpath=//span[normalize-space(.)='Recruitment']/ancestor::a' not visible after 20 seconds.</msg>
<arg>${locator}</arg>
<arg>${timeout}</arg>
<doc>Waits until the element ``locator`` is visible.</doc>
<status status="FAIL" start="2026-02-18T21:28:32.593922" elapsed="20.270914">Element 'xpath=//span[normalize-space(.)='Recruitment']/ancestor::a' not visible after 20 seconds.</status>
</kw>
<kw name="Wait Until Element Is Enabled" owner="SeleniumLibrary">
<arg>${locator}</arg>
<arg>${timeout}</arg>
<doc>Waits until the element ``locator`` is enabled.</doc>
<status status="NOT RUN" start="2026-02-18T21:28:52.864836" elapsed="0.000000"/>
</kw>
<kw name="Scroll Element Into View" owner="SeleniumLibrary">
<arg>${locator}</arg>
<doc>Scrolls the element identified by ``locator`` into view.</doc>
<status status="NOT RUN" start="2026-02-18T21:28:52.864836" elapsed="0.000000"/>
</kw>
<kw name="Run Keyword And Return Status" owner="BuiltIn">
<var>${ok}</var>
<arg>Click Element</arg>
<arg>${locator}</arg>
<doc>Runs the given keyword with given arguments and returns the status as a Boolean value.</doc>
<status status="NOT RUN" start="2026-02-18T21:28:52.865835" elapsed="0.000000"/>
</kw>
<if>
<branch type="IF" condition="not ${ok}">
<kw name="Get WebElement" owner="SeleniumLibrary">
<var>${el}</var>
<arg>${locator}</arg>
<doc>Returns the first WebElement matching the given ``locator``.</doc>
<status status="NOT RUN" start="2026-02-18T21:28:52.865835" elapsed="0.000000"/>
</kw>
<kw name="Execute Javascript" owner="SeleniumLibrary">
<arg>arguments[0].click();</arg>
<arg>ARGUMENTS</arg>
<arg>${el}</arg>
<doc>Executes the given JavaScript code with possible arguments.</doc>
<status status="NOT RUN" start="2026-02-18T21:28:52.865835" elapsed="0.000000"/>
</kw>
<status status="NOT RUN" start="2026-02-18T21:28:52.865835" elapsed="0.000000"/>
</branch>
<status status="NOT RUN" start="2026-02-18T21:28:52.865835" elapsed="0.000000"/>
</if>
<kw name="Wait For App Idle" owner="common">
<status status="NOT RUN" start="2026-02-18T21:28:52.865835" elapsed="0.000000"/>
</kw>
<arg>${MENU_RECRUIT}</arg>
<status status="FAIL" start="2026-02-18T21:28:32.593922" elapsed="20.271913">Element 'xpath=//span[normalize-space(.)='Recruitment']/ancestor::a' not visible after 20 seconds.</status>
</kw>
<kw name="Wait Until URL Contains" owner="common">
<arg>/recruitment</arg>
<status status="NOT RUN" start="2026-02-18T21:28:52.865835" elapsed="0.000000"/>
</kw>
<status status="FAIL" start="2026-02-18T21:28:32.593922" elapsed="20.271913">Element 'xpath=//span[normalize-space(.)='Recruitment']/ancestor::a' not visible after 20 seconds.</status>
</kw>
<kw name="Open Candidates" owner="RecruitmentPage">
<status status="NOT RUN" start="2026-02-18T21:28:52.866833" elapsed="0.000000"/>
</kw>
<kw name="Generate Unique" owner="common">
<var>${email_user}</var>
<arg>candidate</arg>
<status status="NOT RUN" start="2026-02-18T21:28:52.866833" elapsed="0.000000"/>
</kw>
<kw name="Catenate" owner="BuiltIn">
<var>${email}</var>
<arg>SEPARATOR=@</arg>
<arg>${email_user}</arg>
<arg>${CAND_EMAIL_DOMAIN}</arg>
<doc>Catenates the given items together and returns the resulted string.</doc>
<status status="NOT RUN" start="2026-02-18T21:28:52.866833" elapsed="0.000000"/>
</kw>
<kw name="Add Candidate" owner="RecruitmentPage">
<arg>CandidateFirst</arg>
<arg>CandidateLast</arg>
<arg>${email}</arg>
<status status="NOT RUN" start="2026-02-18T21:28:52.866833" elapsed="0.000000"/>
</kw>
<kw name="Capture Screenshot On Failure" owner="common" type="TEARDOWN">
<kw name="Run Keyword If Test Failed" owner="BuiltIn">
<kw name="Capture Page Screenshot" owner="SeleniumLibrary">
<msg time="2026-02-18T21:28:52.968183" level="INFO" html="true">&lt;/td&gt;&lt;/tr&gt;&lt;tr&gt;&lt;td colspan="3"&gt;&lt;a href="selenium-screenshot-4.png"&gt;&lt;img src="selenium-screenshot-4.png" width="800px"&gt;&lt;/a&gt;</msg>
<doc>Takes a screenshot of the current page and embeds it into a log file.</doc>
<status status="PASS" start="2026-02-18T21:28:52.868991" elapsed="0.099699"/>
</kw>
<arg>Capture Page Screenshot</arg>
<doc>Runs the given keyword with the given arguments, if the test failed.</doc>
<status status="PASS" start="2026-02-18T21:28:52.868991" elapsed="0.099699"/>
</kw>
<status status="PASS" start="2026-02-18T21:28:52.867833" elapsed="0.100857"/>
</kw>
<tag>regression</tag>
<status status="FAIL" start="2026-02-18T21:28:32.592413" elapsed="20.376277">Element 'xpath=//span[normalize-space(.)='Recruitment']/ancestor::a' not visible after 20 seconds.</status>
</test>
<test id="s1-s1-t5" name="TC05 Create System User And Login [smoke]" line="53">
<kw name="Go To Admin" owner="SideMenu">
<kw name="Safe Click" owner="common">
<kw name="Wait Until Element Is Visible" owner="SeleniumLibrary">
<arg>${locator}</arg>
<arg>${timeout}</arg>
<doc>Waits until the element ``locator`` is visible.</doc>
<status status="PASS" start="2026-02-18T21:28:52.970693" elapsed="0.016144"/>
</kw>
<kw name="Wait Until Element Is Enabled" owner="SeleniumLibrary">
<arg>${locator}</arg>
<arg>${timeout}</arg>
<doc>Waits until the element ``locator`` is enabled.</doc>
<status status="PASS" start="2026-02-18T21:28:52.986837" elapsed="0.015117"/>
</kw>
<kw name="Scroll Element Into View" owner="SeleniumLibrary">
<arg>${locator}</arg>
<doc>Scrolls the element identified by ``locator`` into view.</doc>
<status status="PASS" start="2026-02-18T21:28:53.001954" elapsed="0.269983"/>
</kw>
<kw name="Run Keyword And Return Status" owner="BuiltIn">
<kw name="Click Element" owner="SeleniumLibrary">
<msg time="2026-02-18T21:28:53.272940" level="INFO">Clicking element 'xpath=//span[normalize-space(.)='Admin']/ancestor::a'.</msg>
<arg>${locator}</arg>
<doc>Click the element identified by ``locator``.</doc>
<status status="PASS" start="2026-02-18T21:28:53.272940" elapsed="3.450182"/>
</kw>
<msg time="2026-02-18T21:28:56.723122" level="INFO">${ok} = True</msg>
<var>${ok}</var>
<arg>Click Element</arg>
<arg>${locator}</arg>
<doc>Runs the given keyword with given arguments and returns the status as a Boolean value.</doc>
<status status="PASS" start="2026-02-18T21:28:53.271937" elapsed="3.451185"/>
</kw>
<if>
<branch type="IF" condition="not ${ok}">
<kw name="Get WebElement" owner="SeleniumLibrary">
<var>${el}</var>
<arg>${locator}</arg>
<doc>Returns the first WebElement matching the given ``locator``.</doc>
<status status="NOT RUN" start="2026-02-18T21:28:56.724123" elapsed="0.000000"/>
</kw>
<kw name="Execute Javascript" owner="SeleniumLibrary">
<arg>arguments[0].click();</arg>
<arg>ARGUMENTS</arg>
<arg>${el}</arg>
<doc>Executes the given JavaScript code with possible arguments.</doc>
<status status="NOT RUN" start="2026-02-18T21:28:56.724123" elapsed="0.000000"/>
</kw>
<status status="NOT RUN" start="2026-02-18T21:28:56.723122" elapsed="0.001001"/>
</branch>
<status status="PASS" start="2026-02-18T21:28:56.723122" elapsed="0.001001"/>
</if>
<kw name="Wait For App Idle" owner="common">
<kw name="Sleep" owner="BuiltIn">
<msg time="2026-02-18T21:28:57.024711" level="INFO">Slept 300 milliseconds.</msg>
<arg>0.3s</arg>
<doc>Pauses the test executed for the given time.</doc>
<status status="PASS" start="2026-02-18T21:28:56.724628" elapsed="0.300083"/>
</kw>
<kw name="Wait Until Page Contains Element" owner="SeleniumLibrary">
<arg>xpath=//body</arg>
<arg>10s</arg>
<doc>Waits until the element ``locator`` appears on the current page.</doc>
<status status="PASS" start="2026-02-18T21:28:57.024711" elapsed="0.006540"/>
</kw>
<status status="PASS" start="2026-02-18T21:28:56.724628" elapsed="0.306623"/>
</kw>
<arg>${MENU_ADMIN}</arg>
<status status="PASS" start="2026-02-18T21:28:52.970693" elapsed="4.060558"/>
</kw>
<kw name="Wait Until URL Contains" owner="common">
<kw name="Wait Until Keyword Succeeds" owner="BuiltIn">
<kw name="Location Should Contain" owner="SeleniumLibrary">
<msg time="2026-02-18T21:28:57.036234" level="INFO">Current location contains '/admin'.</msg>
<arg>${partial}</arg>
<doc>Verifies that the current URL contains ``expected``.</doc>
<status status="PASS" start="2026-02-18T21:28:57.032231" elapsed="0.004003"/>
</kw>
<arg>${timeout}</arg>
<arg>1s</arg>
<arg>Location Should Contain</arg>
<arg>${partial}</arg>
<doc>Runs the specified keyword and retries if it fails.</doc>
<status status="PASS" start="2026-02-18T21:28:57.032231" elapsed="0.004003"/>
</kw>
<arg>/admin</arg>
<status status="PASS" start="2026-02-18T21:28:57.031251" elapsed="0.004983"/>
</kw>
<status status="PASS" start="2026-02-18T21:28:52.969694" elapsed="4.066540"/>
</kw>
<kw name="Generate Unique" owner="common">
<kw name="Generate Random String" owner="String">
<msg time="2026-02-18T21:28:57.036234" level="INFO">${rand} = oHPMEH</msg>
<var>${rand}</var>
<arg>6</arg>
<arg>[LETTERS][NUMBERS]</arg>
<doc>Generates a string with a desired ``length`` from the given ``chars``.</doc>
<status status="PASS" start="2026-02-18T21:28:57.036234" elapsed="0.000000"/>
</kw>
<kw name="Catenate" owner="BuiltIn">
<msg time="2026-02-18T21:28:57.036234" level="INFO">${value} = qa_user_oHPMEH</msg>
<var>${value}</var>
<arg>SEPARATOR=_</arg>
<arg>${prefix}</arg>
<arg>${rand}</arg>
<doc>Catenates the given items together and returns the resulted string.</doc>
<status status="PASS" start="2026-02-18T21:28:57.036234" elapsed="0.000000"/>
</kw>
<return>
<value>${value}</value>
<status status="PASS" start="2026-02-18T21:28:57.036234" elapsed="0.001539"/>
</return>
<msg time="2026-02-18T21:28:57.037773" level="INFO">${new_user} = qa_user_oHPMEH</msg>
<var>${new_user}</var>
<arg>qa_user</arg>
<status status="PASS" start="2026-02-18T21:28:57.036234" elapsed="0.001539"/>
</kw>
<kw name="Set Variable" owner="BuiltIn">
<msg time="2026-02-18T21:28:57.037773" level="INFO">${new_pass} = 123@Mm@567</msg>
<var>${new_pass}</var>
<arg>123@Mm@567</arg>
<doc>Returns the given values which can then be assigned to a variables.</doc>
<status status="PASS" start="2026-02-18T21:28:57.037773" elapsed="0.000000"/>
</kw>
<kw name="Create System User (ESS)" owner="AdminPage">
<kw name="Wait Until Page Contains Element" owner="SeleniumLibrary">
<arg>${admin_header}</arg>
<arg>20s</arg>
<doc>Waits until the element ``locator`` appears on the current page.</doc>
<status status="PASS" start="2026-02-18T21:28:57.038820" elapsed="1.859240"/>
</kw>
<kw name="Safe Click" owner="common">
<kw name="Wait Until Element Is Visible" owner="SeleniumLibrary">
<arg>${locator}</arg>
<arg>${timeout}</arg>
<doc>Waits until the element ``locator`` is visible.</doc>
<status status="PASS" start="2026-02-18T21:28:58.899184" elapsed="0.010530"/>
</kw>
<kw name="Wait Until Element Is Enabled" owner="SeleniumLibrary">
<arg>${locator}</arg>
<arg>${timeout}</arg>
<doc>Waits until the element ``locator`` is enabled.</doc>
<status status="PASS" start="2026-02-18T21:28:58.909714" elapsed="0.013561"/>
</kw>
<kw name="Scroll Element Into View" owner="SeleniumLibrary">
<arg>${locator}</arg>
<doc>Scrolls the element identified by ``locator`` into view.</doc>
<status status="PASS" start="2026-02-18T21:28:58.924262" elapsed="0.276244"/>
</kw>
<kw name="Run Keyword And Return Status" owner="BuiltIn">
<kw name="Click Element" owner="SeleniumLibrary">
<msg time="2026-02-18T21:28:59.200506" level="INFO">Clicking element 'xpath=//button[normalize-space(.)='Add']'.</msg>
<arg>${locator}</arg>
<doc>Click the element identified by ``locator``.</doc>
<status status="PASS" start="2026-02-18T21:28:59.200506" elapsed="1.327500"/>
</kw>
<msg time="2026-02-18T21:29:00.528006" level="INFO">${ok} = True</msg>
<var>${ok}</var>
<arg>Click Element</arg>
<arg>${locator}</arg>
<doc>Runs the given keyword with given arguments and returns the status as a Boolean value.</doc>
<status status="PASS" start="2026-02-18T21:28:59.200506" elapsed="1.328710"/>
</kw>
<if>
<branch type="IF" condition="not ${ok}">
<kw name="Get WebElement" owner="SeleniumLibrary">
<var>${el}</var>
<arg>${locator}</arg>
<doc>Returns the first WebElement matching the given ``locator``.</doc>
<status status="NOT RUN" start="2026-02-18T21:29:00.529216" elapsed="0.000000"/>
</kw>
<kw name="Execute Javascript" owner="SeleniumLibrary">
<arg>arguments[0].click();</arg>
<arg>ARGUMENTS</arg>
<arg>${el}</arg>
<doc>Executes the given JavaScript code with possible arguments.</doc>
<status status="NOT RUN" start="2026-02-18T21:29:00.529216" elapsed="0.000000"/>
</kw>
<status status="NOT RUN" start="2026-02-18T21:29:00.529216" elapsed="0.000000"/>
</branch>
<status status="PASS" start="2026-02-18T21:29:00.529216" elapsed="0.000000"/>
</if>
<kw name="Wait For App Idle" owner="common">
<kw name="Sleep" owner="BuiltIn">
<msg time="2026-02-18T21:29:00.830103" level="INFO">Slept 300 milliseconds.</msg>
<arg>0.3s</arg>
<doc>Pauses the test executed for the given time.</doc>
<status status="PASS" start="2026-02-18T21:29:00.529216" elapsed="0.301925"/>
</kw>
<kw name="Wait Until Page Contains Element" owner="SeleniumLibrary">
<arg>xpath=//body</arg>
<arg>10s</arg>
<doc>Waits until the element ``locator`` appears on the current page.</doc>
<status status="PASS" start="2026-02-18T21:29:00.831141" elapsed="0.015198"/>
</kw>
<status status="PASS" start="2026-02-18T21:29:00.529216" elapsed="0.317123"/>
</kw>
<arg>${ADMIN_ADD_BTN}</arg>
<status status="PASS" start="2026-02-18T21:28:58.899184" elapsed="1.947155"/>
</kw>
<kw name="Wait Until Element Is Visible" owner="SeleniumLibrary">
<arg>${USER_ROLE_DDL}</arg>
<arg>20s</arg>
<doc>Waits until the element ``locator`` is visible.</doc>
<status status="PASS" start="2026-02-18T21:29:00.846339" elapsed="0.686425"/>
</kw>
<kw name="Safe Click" owner="common">
<kw name="Wait Until Element Is Visible" owner="SeleniumLibrary">
<arg>${locator}</arg>
<arg>${timeout}</arg>
<doc>Waits until the element ``locator`` is visible.</doc>
<status status="PASS" start="2026-02-18T21:29:01.532764" elapsed="0.009523"/>
</kw>
<kw name="Wait Until Element Is Enabled" owner="SeleniumLibrary">
<arg>${locator}</arg>
<arg>${timeout}</arg>
<doc>Waits until the element ``locator`` is enabled.</doc>
<status status="PASS" start="2026-02-18T21:29:01.542287" elapsed="0.013706"/>
</kw>
<kw name="Scroll Element Into View" owner="SeleniumLibrary">
<arg>${locator}</arg>
<doc>Scrolls the element identified by ``locator`` into view.</doc>
<status status="PASS" start="2026-02-18T21:29:01.555993" elapsed="0.271768"/>
</kw>
<kw name="Run Keyword And Return Status" owner="BuiltIn">
<kw name="Click Element" owner="SeleniumLibrary">
<msg time="2026-02-18T21:29:01.828914" level="INFO">Clicking element 'xpath=//label[normalize-space(.)='User Role']/parent::div/following::div//div[contains(@class,'oxd-select-text')]'.</msg>
<arg>${locator}</arg>
<doc>Click the element identified by ``locator``.</doc>
<status status="PASS" start="2026-02-18T21:29:01.827761" elapsed="0.046351"/>
</kw>
<msg time="2026-02-18T21:29:01.874112" level="INFO">${ok} = True</msg>
<var>${ok}</var>
<arg>Click Element</arg>
<arg>${locator}</arg>
<doc>Runs the given keyword with given arguments and returns the status as a Boolean value.</doc>
<status status="PASS" start="2026-02-18T21:29:01.827761" elapsed="0.046351"/>
</kw>
<if>
<branch type="IF" condition="not ${ok}">
<kw name="Get WebElement" owner="SeleniumLibrary">
<var>${el}</var>
<arg>${locator}</arg>
<doc>Returns the first WebElement matching the given ``locator``.</doc>
<status status="NOT RUN" start="2026-02-18T21:29:01.875119" elapsed="0.000000"/>
</kw>
<kw name="Execute Javascript" owner="SeleniumLibrary">
<arg>arguments[0].click();</arg>
<arg>ARGUMENTS</arg>
<arg>${el}</arg>
<doc>Executes the given JavaScript code with possible arguments.</doc>
<status status="NOT RUN" start="2026-02-18T21:29:01.875119" elapsed="0.000000"/>
</kw>
<status status="NOT RUN" start="2026-02-18T21:29:01.875119" elapsed="0.000000"/>
</branch>
<status status="PASS" start="2026-02-18T21:29:01.875119" elapsed="0.000000"/>
</if>
<kw name="Wait For App Idle" owner="common">
<kw name="Sleep" owner="BuiltIn">
<msg time="2026-02-18T21:29:02.175289" level="INFO">Slept 300 milliseconds.</msg>
<arg>0.3s</arg>
<doc>Pauses the test executed for the given time.</doc>
<status status="PASS" start="2026-02-18T21:29:01.875119" elapsed="0.300170"/>
</kw>
<kw name="Wait Until Page Contains Element" owner="SeleniumLibrary">
<arg>xpath=//body</arg>
<arg>10s</arg>
<doc>Waits until the element ``locator`` appears on the current page.</doc>
<status status="PASS" start="2026-02-18T21:29:02.175289" elapsed="0.023633"/>
</kw>
<status status="PASS" start="2026-02-18T21:29:01.875119" elapsed="0.323803"/>
</kw>
<arg>${USER_ROLE_DDL}</arg>
<status status="PASS" start="2026-02-18T21:29:01.532764" elapsed="0.667170"/>
</kw>
<kw name="Wait Until Element Is Visible" owner="SeleniumLibrary">
<arg>${admin_dropdowns}</arg>
<arg>10s</arg>
<doc>Waits until the element ``locator`` is visible.</doc>
<status status="PASS" start="2026-02-18T21:29:02.199934" elapsed="0.019281"/>
</kw>
<kw name="Run Keyword And Return Status" owner="BuiltIn">
<kw name="Safe Click" owner="common">
<kw name="Wait Until Element Is Visible" owner="SeleniumLibrary">
<arg>${locator}</arg>
<arg>${timeout}</arg>
<doc>Waits until the element ``locator`` is visible.</doc>
<status status="PASS" start="2026-02-18T21:29:02.219215" elapsed="0.012020"/>
</kw>
<kw name="Wait Until Element Is Enabled" owner="SeleniumLibrary">
<arg>${locator}</arg>
<arg>${timeout}</arg>
<doc>Waits until the element ``locator`` is enabled.</doc>
<status status="PASS" start="2026-02-18T21:29:02.231235" elapsed="0.021543"/>
</kw>
<kw name="Scroll Element Into View" owner="SeleniumLibrary">
<arg>${locator}</arg>
<doc>Scrolls the element identified by ``locator`` into view.</doc>
<status status="PASS" start="2026-02-18T21:29:02.252778" elapsed="0.277051"/>
</kw>
<kw name="Run Keyword And Return Status" owner="BuiltIn">
<kw name="Click Element" owner="SeleniumLibrary">
<msg time="2026-02-18T21:29:02.530826" level="INFO">Clicking element 'xpath=//div[@role='listbox']//span[normalize-space(.)='ESS']'.</msg>
<arg>${locator}</arg>
<doc>Click the element identified by ``locator``.</doc>
<status status="PASS" start="2026-02-18T21:29:02.530826" elapsed="0.043623"/>
</kw>
<msg time="2026-02-18T21:29:02.574449" level="INFO">${ok} = True</msg>
<var>${ok}</var>
<arg>Click Element</arg>
<arg>${locator}</arg>
<doc>Runs the given keyword with given arguments and returns the status as a Boolean value.</doc>
<status status="PASS" start="2026-02-18T21:29:02.530826" elapsed="0.043623"/>
</kw>
<if>
<branch type="IF" condition="not ${ok}">
<kw name="Get WebElement" owner="SeleniumLibrary">
<var>${el}</var>
<arg>${locator}</arg>
<doc>Returns the first WebElement matching the given ``locator``.</doc>
<status status="NOT RUN" start="2026-02-18T21:29:02.574986" elapsed="0.000000"/>
</kw>
<kw name="Execute Javascript" owner="SeleniumLibrary">
<arg>arguments[0].click();</arg>
<arg>ARGUMENTS</arg>
<arg>${el}</arg>
<doc>Executes the given JavaScript code with possible arguments.</doc>
<status status="NOT RUN" start="2026-02-18T21:29:02.575584" elapsed="0.000000"/>
</kw>
<status status="NOT RUN" start="2026-02-18T21:29:02.574986" elapsed="0.000598"/>
</branch>
<status status="PASS" start="2026-02-18T21:29:02.574449" elapsed="0.001135"/>
</if>
<kw name="Wait For App Idle" owner="common">
<kw name="Sleep" owner="BuiltIn">
<msg time="2026-02-18T21:29:02.876342" level="INFO">Slept 300 milliseconds.</msg>
<arg>0.3s</arg>
<doc>Pauses the test executed for the given time.</doc>
<status status="PASS" start="2026-02-18T21:29:02.576105" elapsed="0.300237"/>
</kw>
<kw name="Wait Until Page Contains Element" owner="SeleniumLibrary">
<arg>xpath=//body</arg>
<arg>10s</arg>
<doc>Waits until the element ``locator`` appears on the current page.</doc>
<status status="PASS" start="2026-02-18T21:29:02.876342" elapsed="0.004587"/>
</kw>
<status status="PASS" start="2026-02-18T21:29:02.575584" elapsed="0.306346"/>
</kw>
<arg>${select_ESS}</arg>
<status status="PASS" start="2026-02-18T21:29:02.219215" elapsed="0.662715"/>
</kw>
<msg time="2026-02-18T21:29:02.881930" level="INFO">${ok} = True</msg>
<var>${ok}</var>
<arg>Safe Click</arg>
<arg>${select_ESS}</arg>
<doc>Runs the given keyword with given arguments and returns the status as a Boolean value.</doc>
<status status="PASS" start="2026-02-18T21:29:02.219215" elapsed="0.662715"/>
</kw>
<kw name="Run Keyword If" owner="BuiltIn">
<arg>not ${ok}</arg>
<arg>Safe Click</arg>
<arg>${dropDown_first_element}</arg>
<doc>Runs the given keyword with the given arguments, if ``condition`` is true.</doc>
<status status="PASS" start="2026-02-18T21:29:02.881930" elapsed="0.000000"/>
</kw>
<kw name="Input Text" owner="SeleniumLibrary">
<msg time="2026-02-18T21:29:02.881930" level="INFO">Typing text 'First_5exncu Last_sIeEhT' into text field 'xpath=//label[contains(normalize-space(.),'Employee Name')]/parent::div/following::div//input'.</msg>
<arg>${EMP_NAME_ADMIN}</arg>
<arg>${employee_name}</arg>
<doc>Types the given ``text`` into the text field identified by ``locator``.</doc>
<status status="PASS" start="2026-02-18T21:29:02.881930" elapsed="0.088010"/>
</kw>
<kw name="Wait Until Page Contains Element" owner="SeleniumLibrary">
<arg>${admin_dropdowns}</arg>
<arg>20s</arg>
<doc>Waits until the element ``locator`` appears on the current page.</doc>
<status status="PASS" start="2026-02-18T21:29:02.969940" elapsed="1.462463"/>
</kw>
<kw name="Safe Click" owner="common">
<kw name="Wait Until Element Is Visible" owner="SeleniumLibrary">
<arg>${locator}</arg>
<arg>${timeout}</arg>
<doc>Waits until the element ``locator`` is visible.</doc>
<status status="PASS" start="2026-02-18T21:29:04.432403" elapsed="0.014662"/>
</kw>
<kw name="Wait Until Element Is Enabled" owner="SeleniumLibrary">
<arg>${locator}</arg>
<arg>${timeout}</arg>
<doc>Waits until the element ``locator`` is enabled.</doc>
<status status="PASS" start="2026-02-18T21:29:04.447065" elapsed="0.012895"/>
</kw>
<kw name="Scroll Element Into View" owner="SeleniumLibrary">
<arg>${locator}</arg>
<doc>Scrolls the element identified by ``locator`` into view.</doc>
<status status="PASS" start="2026-02-18T21:29:04.459960" elapsed="0.269341"/>
</kw>
<kw name="Run Keyword And Return Status" owner="BuiltIn">
<kw name="Click Element" owner="SeleniumLibrary">
<msg time="2026-02-18T21:29:04.730295" level="INFO">Clicking element 'xpath=(//div[@role='listbox']//span)[1]'.</msg>
<arg>${locator}</arg>
<doc>Click the element identified by ``locator``.</doc>
<status status="PASS" start="2026-02-18T21:29:04.730295" elapsed="0.040299"/>
</kw>
<msg time="2026-02-18T21:29:04.770594" level="INFO">${ok} = True</msg>
<var>${ok}</var>
<arg>Click Element</arg>
<arg>${locator}</arg>
<doc>Runs the given keyword with given arguments and returns the status as a Boolean value.</doc>
<status status="PASS" start="2026-02-18T21:29:04.730295" elapsed="0.040299"/>
</kw>
<if>
<branch type="IF" condition="not ${ok}">
<kw name="Get WebElement" owner="SeleniumLibrary">
<var>${el}</var>
<arg>${locator}</arg>
<doc>Returns the first WebElement matching the given ``locator``.</doc>
<status status="NOT RUN" start="2026-02-18T21:29:04.770594" elapsed="0.000000"/>
</kw>
<kw name="Execute Javascript" owner="SeleniumLibrary">
<arg>arguments[0].click();</arg>
<arg>ARGUMENTS</arg>
<arg>${el}</arg>
<doc>Executes the given JavaScript code with possible arguments.</doc>
<status status="NOT RUN" start="2026-02-18T21:29:04.770594" elapsed="0.000000"/>
</kw>
<status status="NOT RUN" start="2026-02-18T21:29:04.770594" elapsed="0.000999"/>
</branch>
<status status="PASS" start="2026-02-18T21:29:04.770594" elapsed="0.000999"/>
</if>
<kw name="Wait For App Idle" owner="common">
<kw name="Sleep" owner="BuiltIn">
<msg time="2026-02-18T21:29:05.072347" level="INFO">Slept 300 milliseconds.</msg>
<arg>0.3s</arg>
<doc>Pauses the test executed for the given time.</doc>
<status status="PASS" start="2026-02-18T21:29:04.771593" elapsed="0.300754"/>
</kw>
<kw name="Wait Until Page Contains Element" owner="SeleniumLibrary">
<arg>xpath=//body</arg>
<arg>10s</arg>
<doc>Waits until the element ``locator`` appears on the current page.</doc>
<status status="PASS" start="2026-02-18T21:29:05.072347" elapsed="0.005470"/>
</kw>
<status status="PASS" start="2026-02-18T21:29:04.771593" elapsed="0.306224"/>
</kw>
<arg>${dropDown_first_element}</arg>
<status status="PASS" start="2026-02-18T21:29:04.432403" elapsed="0.645414"/>
</kw>
<kw name="Safe Click" owner="common">
<kw name="Wait Until Element Is Visible" owner="SeleniumLibrary">
<arg>${locator}</arg>
<arg>${timeout}</arg>
<doc>Waits until the element ``locator`` is visible.</doc>
<status status="PASS" start="2026-02-18T21:29:05.079024" elapsed="0.014064"/>
</kw>
<kw name="Wait Until Element Is Enabled" owner="SeleniumLibrary">
<arg>${locator}</arg>
<arg>${timeout}</arg>
<doc>Waits until the element ``locator`` is enabled.</doc>
<status status="PASS" start="2026-02-18T21:29:05.093088" elapsed="0.013819"/>
</kw>
<kw name="Scroll Element Into View" owner="SeleniumLibrary">
<arg>${locator}</arg>
<doc>Scrolls the element identified by ``locator`` into view.</doc>
<status status="PASS" start="2026-02-18T21:29:05.106907" elapsed="0.274415"/>
</kw>
<kw name="Run Keyword And Return Status" owner="BuiltIn">
<kw name="Click Element" owner="SeleniumLibrary">
<msg time="2026-02-18T21:29:05.381322" level="INFO">Clicking element 'xpath=//label[normalize-space(.)='Status']/parent::div/following::div//div[contains(@class,'oxd-select-text')]'.</msg>
<arg>${locator}</arg>
<doc>Click the element identified by ``locator``.</doc>
<status status="PASS" start="2026-02-18T21:29:05.381322" elapsed="0.038166"/>
</kw>
<msg time="2026-02-18T21:29:05.419488" level="INFO">${ok} = True</msg>
<var>${ok}</var>
<arg>Click Element</arg>
<arg>${locator}</arg>
<doc>Runs the given keyword with given arguments and returns the status as a Boolean value.</doc>
<status status="PASS" start="2026-02-18T21:29:05.381322" elapsed="0.038166"/>
</kw>
<if>
<branch type="IF" condition="not ${ok}">
<kw name="Get WebElement" owner="SeleniumLibrary">
<var>${el}</var>
<arg>${locator}</arg>
<doc>Returns the first WebElement matching the given ``locator``.</doc>
<status status="NOT RUN" start="2026-02-18T21:29:05.420498" elapsed="0.000000"/>
</kw>
<kw name="Execute Javascript" owner="SeleniumLibrary">
<arg>arguments[0].click();</arg>
<arg>ARGUMENTS</arg>
<arg>${el}</arg>
<doc>Executes the given JavaScript code with possible arguments.</doc>
<status status="NOT RUN" start="2026-02-18T21:29:05.420498" elapsed="0.000000"/>
</kw>
<status status="NOT RUN" start="2026-02-18T21:29:05.420498" elapsed="0.000000"/>
</branch>
<status status="PASS" start="2026-02-18T21:29:05.420498" elapsed="0.000000"/>
</if>
<kw name="Wait For App Idle" owner="common">
<kw name="Sleep" owner="BuiltIn">
<msg time="2026-02-18T21:29:05.721667" level="INFO">Slept 300 milliseconds.</msg>
<arg>0.3s</arg>
<doc>Pauses the test executed for the given time.</doc>
<status status="PASS" start="2026-02-18T21:29:05.421498" elapsed="0.300169"/>
</kw>
<kw name="Wait Until Page Contains Element" owner="SeleniumLibrary">
<arg>xpath=//body</arg>
<arg>10s</arg>
<doc>Waits until the element ``locator`` appears on the current page.</doc>
<status status="PASS" start="2026-02-18T21:29:05.721667" elapsed="0.004514"/>
</kw>
<status status="PASS" start="2026-02-18T21:29:05.420498" elapsed="0.305683"/>
</kw>
<arg>${STATUS_DDL}</arg>
<status status="PASS" start="2026-02-18T21:29:05.079024" elapsed="0.647157"/>
</kw>
<kw name="Wait Until Element Is Visible" owner="SeleniumLibrary">
<arg>${roles_list}</arg>
<arg>10s</arg>
<doc>Waits until the element ``locator`` is visible.</doc>
<status status="PASS" start="2026-02-18T21:29:05.727686" elapsed="0.011551"/>
</kw>
<kw name="Run Keyword And Return Status" owner="BuiltIn">
<kw name="Safe Click" owner="common">
<kw name="Wait Until Element Is Visible" owner="SeleniumLibrary">
<arg>${locator}</arg>
<arg>${timeout}</arg>
<doc>Waits until the element ``locator`` is visible.</doc>
<status status="PASS" start="2026-02-18T21:29:05.739237" elapsed="0.011505"/>
</kw>
<kw name="Wait Until Element Is Enabled" owner="SeleniumLibrary">
<arg>${locator}</arg>
<arg>${timeout}</arg>
<doc>Waits until the element ``locator`` is enabled.</doc>
<status status="PASS" start="2026-02-18T21:29:05.750742" elapsed="0.012022"/>
</kw>
<kw name="Scroll Element Into View" owner="SeleniumLibrary">
<arg>${locator}</arg>
<doc>Scrolls the element identified by ``locator`` into view.</doc>
<status status="PASS" start="2026-02-18T21:29:05.762764" elapsed="0.277081"/>
</kw>
<kw name="Run Keyword And Return Status" owner="BuiltIn">
<kw name="Click Element" owner="SeleniumLibrary">
<msg time="2026-02-18T21:29:06.040873" level="INFO">Clicking element 'xpath=//div[@role='listbox']//span[normalize-space(.)='Enabled']'.</msg>
<arg>${locator}</arg>
<doc>Click the element identified by ``locator``.</doc>
<status status="PASS" start="2026-02-18T21:29:06.040873" elapsed="0.040928"/>
</kw>
<msg time="2026-02-18T21:29:06.081801" level="INFO">${ok} = True</msg>
<var>${ok}</var>
<arg>Click Element</arg>
<arg>${locator}</arg>
<doc>Runs the given keyword with given arguments and returns the status as a Boolean value.</doc>
<status status="PASS" start="2026-02-18T21:29:06.040873" elapsed="0.040928"/>
</kw>
<if>
<branch type="IF" condition="not ${ok}">
<kw name="Get WebElement" owner="SeleniumLibrary">
<var>${el}</var>
<arg>${locator}</arg>
<doc>Returns the first WebElement matching the given ``locator``.</doc>
<status status="NOT RUN" start="2026-02-18T21:29:06.081801" elapsed="0.000000"/>
</kw>
<kw name="Execute Javascript" owner="SeleniumLibrary">
<arg>arguments[0].click();</arg>
<arg>ARGUMENTS</arg>
<arg>${el}</arg>
<doc>Executes the given JavaScript code with possible arguments.</doc>
<status status="NOT RUN" start="2026-02-18T21:29:06.081801" elapsed="0.000000"/>
</kw>
<status status="NOT RUN" start="2026-02-18T21:29:06.081801" elapsed="0.000000"/>
</branch>
<status status="PASS" start="2026-02-18T21:29:06.081801" elapsed="0.000000"/>
</if>
<kw name="Wait For App Idle" owner="common">
<kw name="Sleep" owner="BuiltIn">
<msg time="2026-02-18T21:29:06.383063" level="INFO">Slept 300 milliseconds.</msg>
<arg>0.3s</arg>
<doc>Pauses the test executed for the given time.</doc>
<status status="PASS" start="2026-02-18T21:29:06.082800" elapsed="0.300263"/>
</kw>
<kw name="Wait Until Page Contains Element" owner="SeleniumLibrary">
<arg>xpath=//body</arg>
<arg>10s</arg>
<doc>Waits until the element ``locator`` appears on the current page.</doc>
<status status="PASS" start="2026-02-18T21:29:06.383577" elapsed="0.004370"/>
</kw>
<status status="PASS" start="2026-02-18T21:29:06.082800" elapsed="0.305147"/>
</kw>
<arg>${Select_status}</arg>
<status status="PASS" start="2026-02-18T21:29:05.739237" elapsed="0.648710"/>
</kw>
<msg time="2026-02-18T21:29:06.389004" level="INFO">${ok2} = True</msg>
<var>${ok2}</var>
<arg>Safe Click</arg>
<arg>${Select_status}</arg>
<doc>Runs the given keyword with given arguments and returns the status as a Boolean value.</doc>
<status status="PASS" start="2026-02-18T21:29:05.739237" elapsed="0.649767"/>
</kw>
<kw name="Run Keyword If" owner="BuiltIn">
<arg>not ${ok2}</arg>
<arg>Safe Click</arg>
<arg>${dropDown_first_element}</arg>
<doc>Runs the given keyword with the given arguments, if ``condition`` is true.</doc>
<status status="PASS" start="2026-02-18T21:29:06.389004" elapsed="0.000000"/>
</kw>
<kw name="Input Text" owner="SeleniumLibrary">
<msg time="2026-02-18T21:29:06.389004" level="INFO">Typing text 'qa_user_oHPMEH' into text field 'xpath=//label[normalize-space(.)='Username']/parent::div/following::div//input'.</msg>
<arg>${SYS_USERNAME}</arg>
<arg>${new_username}</arg>
<doc>Types the given ``text`` into the text field identified by ``locator``.</doc>
<status status="PASS" start="2026-02-18T21:29:06.389004" elapsed="0.065102"/>
</kw>
<kw name="Input Password" owner="SeleniumLibrary">
<msg time="2026-02-18T21:29:06.455135" level="INFO">Typing password into text field 'xpath=//label[normalize-space(.)='Password']/parent::div/following::div//input'.</msg>
<msg time="2026-02-18T21:29:06.479377" level="INFO">Temporally setting log level to: NONE</msg>
<arg>${SYS_PASSWORD}</arg>
<arg>${new_password}</arg>
<doc>Types the given password into the text field identified by ``locator``.</doc>
<status status="PASS" start="2026-02-18T21:29:06.455135" elapsed="0.058887"/>
</kw>
<kw name="Input Password" owner="SeleniumLibrary">
<msg time="2026-02-18T21:29:06.514022" level="INFO">Typing password into text field 'xpath=//label[contains(normalize-space(.),'Confirm Password')]/parent::div/following::div//input'.</msg>
<msg time="2026-02-18T21:29:06.536403" level="INFO">Temporally setting log level to: NONE</msg>
<arg>${SYS_CONFIRM_PASS}</arg>
<arg>${new_password}</arg>
<doc>Types the given password into the text field identified by ``locator``.</doc>
<status status="PASS" start="2026-02-18T21:29:06.514022" elapsed="0.059962"/>
</kw>
<kw name="Safe Click" owner="common">
<kw name="Wait Until Element Is Visible" owner="SeleniumLibrary">
<arg>${locator}</arg>
<arg>${timeout}</arg>
<doc>Waits until the element ``locator`` is visible.</doc>
<status status="PASS" start="2026-02-18T21:29:06.574991" elapsed="0.010054"/>
</kw>
<kw name="Wait Until Element Is Enabled" owner="SeleniumLibrary">
<arg>${locator}</arg>
<arg>${timeout}</arg>
<doc>Waits until the element ``locator`` is enabled.</doc>
<status status="PASS" start="2026-02-18T21:29:06.586017" elapsed="0.012138"/>
</kw>
<kw name="Scroll Element Into View" owner="SeleniumLibrary">
<arg>${locator}</arg>
<doc>Scrolls the element identified by ``locator`` into view.</doc>
<status status="PASS" start="2026-02-18T21:29:06.598155" elapsed="0.266160"/>
</kw>
<kw name="Run Keyword And Return Status" owner="BuiltIn">
<kw name="Click Element" owner="SeleniumLibrary">
<msg time="2026-02-18T21:29:06.864315" level="INFO">Clicking element 'xpath=//button[@type='submit' and normalize-space(.)='Save']'.</msg>
<arg>${locator}</arg>
<doc>Click the element identified by ``locator``.</doc>
<status status="PASS" start="2026-02-18T21:29:06.864315" elapsed="0.039504"/>
</kw>
<msg time="2026-02-18T21:29:06.903819" level="INFO">${ok} = True</msg>
<var>${ok}</var>
<arg>Click Element</arg>
<arg>${locator}</arg>
<doc>Runs the given keyword with given arguments and returns the status as a Boolean value.</doc>
<status status="PASS" start="2026-02-18T21:29:06.864315" elapsed="0.040502"/>
</kw>
<if>
<branch type="IF" condition="not ${ok}">
<kw name="Get WebElement" owner="SeleniumLibrary">
<var>${el}</var>
<arg>${locator}</arg>
<doc>Returns the first WebElement matching the given ``locator``.</doc>
<status status="NOT RUN" start="2026-02-18T21:29:06.904817" elapsed="0.000000"/>
</kw>
<kw name="Execute Javascript" owner="SeleniumLibrary">
<arg>arguments[0].click();</arg>
<arg>ARGUMENTS</arg>
<arg>${el}</arg>
<doc>Executes the given JavaScript code with possible arguments.</doc>
<status status="NOT RUN" start="2026-02-18T21:29:06.904817" elapsed="0.000000"/>
</kw>
<status status="NOT RUN" start="2026-02-18T21:29:06.904817" elapsed="0.000000"/>
</branch>
<status status="PASS" start="2026-02-18T21:29:06.904817" elapsed="0.000000"/>
</if>
<kw name="Wait For App Idle" owner="common">
<kw name="Sleep" owner="BuiltIn">
<msg time="2026-02-18T21:29:07.205186" level="INFO">Slept 300 milliseconds.</msg>
<arg>0.3s</arg>
<doc>Pauses the test executed for the given time.</doc>
<status status="PASS" start="2026-02-18T21:29:06.904817" elapsed="0.300369"/>
</kw>
<kw name="Wait Until Page Contains Element" owner="SeleniumLibrary">
<arg>xpath=//body</arg>
<arg>10s</arg>
<doc>Waits until the element ``locator`` appears on the current page.</doc>
<status status="PASS" start="2026-02-18T21:29:07.206212" elapsed="0.005791"/>
</kw>
<status status="PASS" start="2026-02-18T21:29:06.904817" elapsed="0.307186"/>
</kw>
<arg>${SAVE_BTN}</arg>
<status status="PASS" start="2026-02-18T21:29:06.574991" elapsed="0.637012"/>
</kw>
<kw name="Wait For Toast Success" owner="common">
<kw name="Wait Until Element Is Visible" owner="SeleniumLibrary">
<arg>${TOAST}</arg>
<arg>20s</arg>
<doc>Waits until the element ``locator`` is visible.</doc>
<status status="PASS" start="2026-02-18T21:29:07.212003" elapsed="1.909770"/>
</kw>
<kw name="Wait Until Element Is Visible" owner="SeleniumLibrary">
<arg>${TOAST_SUCCESS}</arg>
<arg>20s</arg>
<doc>Waits until the element ``locator`` is visible.</doc>
<status status="PASS" start="2026-02-18T21:29:09.121773" elapsed="0.010024"/>
</kw>
<status status="PASS" start="2026-02-18T21:29:07.212003" elapsed="1.919794"/>
</kw>
<arg>${CREATED_EMP_NAME}</arg>
<arg>${new_user}</arg>
<arg>${new_pass}</arg>
<status status="PASS" start="2026-02-18T21:28:57.037773" elapsed="12.094024"/>
</kw>
<kw name="Logout" owner="LoginPage">
<kw name="Wait Until Element Is Visible" owner="SeleniumLibrary">
<arg>${USER_DROPDOWN}</arg>
<doc>Waits until the element ``locator`` is visible.</doc>
<status status="PASS" start="2026-02-18T21:29:09.133302" elapsed="0.013025"/>
</kw>
<kw name="Click Element" owner="SeleniumLibrary">
<msg time="2026-02-18T21:29:09.146327" level="INFO">Clicking element 'xpath=//p[contains(@class,'oxd-userdropdown-name')]'.</msg>
<arg>${USER_DROPDOWN}</arg>
<doc>Click the element identified by ``locator``.</doc>
<status status="PASS" start="2026-02-18T21:29:09.146327" elapsed="0.044775"/>
</kw>
<kw name="Wait Until Element Is Visible" owner="SeleniumLibrary">
<arg>${LOGOUT_BTN}</arg>
<doc>Waits until the element ``locator`` is visible.</doc>
<status status="PASS" start="2026-02-18T21:29:09.191102" elapsed="0.014021"/>
</kw>
<kw name="Click Element" owner="SeleniumLibrary">
<msg time="2026-02-18T21:29:09.206121" level="INFO">Clicking element 'xpath=//a[normalize-space(.)='Logout']'.</msg>
<arg>${LOGOUT_BTN}</arg>
<doc>Click the element identified by ``locator``.</doc>
<status status="PASS" start="2026-02-18T21:29:09.206121" elapsed="0.963447"/>
</kw>
<kw name="Wait Until Element Is Visible" owner="SeleniumLibrary">
<arg>${LOGIN_BTN}</arg>
<doc>Waits until the element ``locator`` is visible.</doc>
<status status="PASS" start="2026-02-18T21:29:10.169568" elapsed="0.462810"/>
</kw>
<status status="PASS" start="2026-02-18T21:29:09.131797" elapsed="1.500581"/>
</kw>
<kw name="Login As" owner="LoginPage">
<kw name="Wait Until Element Is Visible" owner="SeleniumLibrary">
<arg>${LOGIN_USER}</arg>
<doc>Waits until the element ``locator`` is visible.</doc>
<status status="PASS" start="2026-02-18T21:29:10.633884" elapsed="0.013318"/>
</kw>
<kw name="Input Text" owner="SeleniumLibrary">
<msg time="2026-02-18T21:29:10.647202" level="INFO">Typing text 'qa_user_oHPMEH' into text field 'xpath=//input[@name='username']'.</msg>
<arg>${LOGIN_USER}</arg>
<arg>${username}</arg>
<doc>Types the given ``text`` into the text field identified by ``locator``.</doc>
<status status="PASS" start="2026-02-18T21:29:10.647202" elapsed="0.052634"/>
</kw>
<kw name="Input Password" owner="SeleniumLibrary">
<msg time="2026-02-18T21:29:10.699836" level="INFO">Typing password into text field 'xpath=//input[@name='password']'.</msg>
<msg time="2026-02-18T21:29:10.723866" level="INFO">Temporally setting log level to: NONE</msg>
<arg>${LOGIN_PASS}</arg>
<arg>${password}</arg>
<doc>Types the given password into the text field identified by ``locator``.</doc>
<status status="PASS" start="2026-02-18T21:29:10.699836" elapsed="0.057936"/>
</kw>
<kw name="Click Button" owner="SeleniumLibrary">
<msg time="2026-02-18T21:29:10.758778" level="INFO">Clicking button 'xpath=//button[@type='submit']'.</msg>
<arg>${LOGIN_BTN}</arg>
<doc>Clicks the button identified by ``locator``.</doc>
<status status="PASS" start="2026-02-18T21:29:10.757772" elapsed="0.054999"/>
</kw>
<kw name="Wait Until Element Is Visible" owner="SeleniumLibrary">
<arg>${USER_DROPDOWN}</arg>
<arg>20s</arg>
<doc>Waits until the element ``locator`` is visible.</doc>
<status status="PASS" start="2026-02-18T21:29:10.812771" elapsed="2.292194"/>
</kw>
<arg>${new_user}</arg>
<arg>${new_pass}</arg>
<status status="PASS" start="2026-02-18T21:29:10.633884" elapsed="2.471081"/>
</kw>
<kw name="Capture Screenshot On Failure" owner="common" type="TEARDOWN">
<kw name="Run Keyword If Test Failed" owner="BuiltIn">
<arg>Capture Page Screenshot</arg>
<doc>Runs the given keyword with the given arguments, if the test failed.</doc>
<status status="PASS" start="2026-02-18T21:29:13.105972" elapsed="0.000000"/>
</kw>
<status status="PASS" start="2026-02-18T21:29:13.105972" elapsed="0.000000"/>
</kw>
<tag>smoke</tag>
<status status="PASS" start="2026-02-18T21:28:52.969694" elapsed="20.136278"/>
</test>
<kw name="Close App" owner="common" type="TEARDOWN">
<kw name="Close All Browsers" owner="SeleniumLibrary">
<doc>Closes all open browsers and resets the browser cache.</doc>
<status status="PASS" start="2026-02-18T21:29:13.106972" elapsed="2.219590"/>
</kw>
<status status="PASS" start="2026-02-18T21:29:13.106972" elapsed="2.219590"/>
</kw>
<status status="FAIL" start="2026-02-18T21:27:47.936910" elapsed="87.389652"/>
</suite>
<status status="FAIL" start="2026-02-18T21:27:47.865379" elapsed="87.462819"/>
</suite>
<statistics>
<total>
<stat pass="3" fail="2" skip="0">All Tests</stat>
</total>
<tag>
<stat pass="1" fail="1" skip="0">regression</stat>
<stat pass="2" fail="1" skip="0">smoke</stat>
</tag>
<suite>
<stat pass="3" fail="2" skip="0" id="s1" name="Tests">Tests</stat>
<stat pass="3" fail="2" skip="0" id="s1-s1" name="Orangehrm Assignment">Tests.Orangehrm Assignment</stat>
</suite>
</statistics>
<errors>
</errors>
</robot>
